2025-12-26 19:03:31.569556 | BTCUSDT | 5m
2025-12-26 19:03:31.967436 | BTCUSDT | 15m
2025-12-26 19:03:32.369417 | BTCUSDT | 30m
2025-12-26 19:03:32.764967 | BTCUSDT | 1h
2025-12-26 19:03:33.154502 | ETHUSDT | 5m
2025-12-26 19:03:33.573469 | ETHUSDT | 15m
2025-12-26 19:03:33.952679 | ETHUSDT | 30m
2025-12-26 19:03:34.381586 | ETHUSDT | 1h
2025-12-26 19:03:34.773828 | SOLUSDT | 5m
2025-12-26 19:03:35.156616 | SOLUSDT | 15m
2025-12-26 19:03:35.561692 | SOLUSDT | 30m
2025-12-26 19:03:35.946645 | SOLUSDT | 1h
2025-12-26 19:03:36.353078 | BNBUSDT | 5m
2025-12-26 19:03:36.753768 | BNBUSDT | 15m
2025-12-26 19:03:37.153928 | BNBUSDT | 30m
2025-12-26 19:03:37.545186 | BNBUSDT | 1h
2025-12-26 19:03:37.949240 | XRPUSDT | 5m
2025-12-26 19:03:38.346182 | XRPUSDT | 15m
2025-12-26 19:03:38.747504 | XRPUSDT | 30m
2025-12-26 19:03:39.141074 | XRPUSDT | 1h
2025-12-26 19:03:39.532391 | ADAUSDT | 5m
2025-12-26 19:03:39.925754 | ADAUSDT | 15m
2025-12-26 19:03:40.329401 | ADAUSDT | 30m
2025-12-26 19:03:40.733641 | ADAUSDT | 1h
2025-12-26 19:03:41.146347 | AVAXUSDT | 5m
2025-12-26 19:03:41.533959 | AVAXUSDT | 15m
2025-12-26 19:03:41.947947 | AVAXUSDT | 30m
2025-12-26 19:03:42.338989 | AVAXUSDT | 1h
2025-12-26 19:03:42.740020 | LINKUSDT | 5m
2025-12-26 19:03:43.138316 | LINKUSDT | 15m
2025-12-26 19:03:43.538823 | LINKUSDT | 30m
2025-12-26 19:03:43.936818 | LINKUSDT | 1h
2025-12-26 19:03:44.329741 | OPUSDT | 5m
2025-12-26 19:03:44.732925 | OPUSDT | 15m
2025-12-26 19:03:45.132096 | OPUSDT | 30m
2025-12-26 19:03:45.529449 | OPUSDT | 1h
2025-12-26 19:03:45.926022 | ARBUSDT | 5m
2025-12-26 19:03:46.309806 | ARBUSDT | 15m
2025-12-26 19:03:46.711424 | ARBUSDT | 30m
2025-12-26 19:03:47.109477 | ARBUSDT | 1h
2025-12-26 19:04:03.006468 | BTCUSDT | 5m
2025-12-26 19:04:03.405900 | BTCUSDT | 15m
2025-12-26 19:04:03.792666 | BTCUSDT | 30m
2025-12-26 19:04:04.202811 | BTCUSDT | 1h
2025-12-26 19:04:04.607151 | ETHUSDT | 5m
2025-12-26 19:04:04.998799 | ETHUSDT | 15m
2025-12-26 19:04:05.403724 | ETHUSDT | 30m
2025-12-26 19:04:05.812345 | ETHUSDT | 1h
2025-12-26 19:04:06.206883 | SOLUSDT | 5m
2025-12-26 19:04:06.622696 | SOLUSDT | 15m
2025-12-26 19:04:07.014328 | SOLUSDT | 30m
2025-12-26 19:04:07.421259 | SOLUSDT | 1h
2025-12-26 19:04:07.802257 | BNBUSDT | 5m
2025-12-26 19:04:08.193014 | BNBUSDT | 15m
2025-12-26 19:04:08.596938 | BNBUSDT | 30m
2025-12-26 19:04:08.995429 | BNBUSDT | 1h
2025-12-26 19:04:09.378777 | XRPUSDT | 5m
2025-12-26 19:04:09.766264 | XRPUSDT | 15m
2025-12-26 19:04:10.162432 | XRPUSDT | 30m
2025-12-26 19:04:10.568748 | XRPUSDT | 1h
2025-12-26 19:04:10.990363 | ADAUSDT | 5m
2025-12-26 19:04:11.448401 | ADAUSDT | 15m
2025-12-26 19:04:11.831930 | ADAUSDT | 30m
2025-12-26 19:04:12.243272 | ADAUSDT | 1h
2025-12-26 19:04:12.632478 | AVAXUSDT | 5m
2025-12-26 19:04:13.038054 | AVAXUSDT | 15m
2025-12-26 19:04:13.433011 | AVAXUSDT | 30m
2025-12-26 19:04:13.821730 | AVAXUSDT | 1h
2025-12-26 19:04:14.224097 | LINKUSDT | 5m
2025-12-26 19:04:14.619347 | LINKUSDT | 15m
2025-12-26 19:04:15.009809 | LINKUSDT | 30m
2025-12-26 19:04:15.412112 | LINKUSDT | 1h
2025-12-26 19:04:15.806987 | OPUSDT | 5m
2025-12-26 19:04:16.307670 | OPUSDT | 15m
2025-12-26 19:04:16.700603 | OPUSDT | 30m
2025-12-26 19:04:17.094169 | OPUSDT | 1h
2025-12-26 19:04:17.540557 | ARBUSDT | 5m
2025-12-26 19:04:17.943185 | ARBUSDT | 15m
2025-12-26 19:04:18.341402 | ARBUSDT | 30m
2025-12-26 19:04:18.738669 | ARBUSDT | 1h
2025-12-26 19:08:21.936763 | BTCUSDT | 5m
2025-12-26 19:08:22.336704 | BTCUSDT | 15m
2025-12-26 19:08:22.731148 | BTCUSDT | 30m
2025-12-26 19:08:23.117421 | BTCUSDT | 1h
2025-12-26 19:08:23.513165 | ETHUSDT | 5m
2025-12-26 19:08:23.910877 | ETHUSDT | 15m
2025-12-26 19:08:24.314860 | ETHUSDT | 30m
2025-12-26 19:08:24.712903 | ETHUSDT | 1h
2025-12-26 19:08:25.116536 | SOLUSDT | 5m
2025-12-26 19:08:25.508141 | SOLUSDT | 15m
2025-12-26 19:08:25.923761 | SOLUSDT | 30m
2025-12-26 19:08:26.306874 | SOLUSDT | 1h
2025-12-26 19:08:26.702181 | BNBUSDT | 5m
2025-12-26 19:08:27.110800 | BNBUSDT | 15m
2025-12-26 19:08:27.500355 | BNBUSDT | 30m
2025-12-26 19:08:27.881535 | BNBUSDT | 1h
2025-12-26 19:08:28.266988 | XRPUSDT | 5m
2025-12-26 19:08:28.664407 | XRPUSDT | 15m
2025-12-26 19:08:29.056561 | XRPUSDT | 30m
2025-12-26 19:08:29.464938 | XRPUSDT | 1h
2025-12-26 19:08:29.857628 | ADAUSDT | 5m
2025-12-26 19:08:30.241718 | ADAUSDT | 15m
2025-12-26 19:08:30.642016 | ADAUSDT | 30m
2025-12-26 19:08:31.038270 | ADAUSDT | 1h
2025-12-26 19:08:31.429035 | AVAXUSDT | 5m
2025-12-26 19:08:31.852914 | AVAXUSDT | 15m
2025-12-26 19:08:32.235484 | AVAXUSDT | 30m
2025-12-26 19:08:32.637221 | AVAXUSDT | 1h
2025-12-26 19:08:33.036350 | LINKUSDT | 5m
2025-12-26 19:08:33.432098 | LINKUSDT | 15m
2025-12-26 19:08:33.832848 | LINKUSDT | 30m
2025-12-26 19:08:34.264077 | LINKUSDT | 1h
2025-12-26 19:08:34.656443 | OPUSDT | 5m
2025-12-26 19:08:35.037454 | OPUSDT | 15m
2025-12-26 19:08:35.418893 | OPUSDT | 30m
2025-12-26 19:08:35.818360 | OPUSDT | 1h
2025-12-26 19:08:36.211102 | ARBUSDT | 5m
2025-12-26 19:08:36.604683 | ARBUSDT | 15m
2025-12-26 19:08:37.002702 | ARBUSDT | 30m
2025-12-26 19:08:37.387275 | ARBUSDT | 1h
2025-12-26 19:09:19.779902 | BTCUSDT | 5m
2025-12-26 19:09:20.176834 | BTCUSDT | 15m
2025-12-26 19:09:20.588043 | BTCUSDT | 30m
2025-12-26 19:09:20.973142 | BTCUSDT | 1h
2025-12-26 19:09:21.375615 | ETHUSDT | 5m
2025-12-26 19:09:21.760014 | ETHUSDT | 15m
2025-12-26 19:09:22.204975 | ETHUSDT | 30m
2025-12-26 19:09:22.608469 | ETHUSDT | 1h
2025-12-26 19:09:22.987175 | SOLUSDT | 5m
2025-12-26 19:09:23.375251 | SOLUSDT | 15m
2025-12-26 19:09:23.763762 | SOLUSDT | 30m
2025-12-26 19:09:24.220602 | SOLUSDT | 1h
2025-12-26 19:09:24.615456 | BNBUSDT | 5m
2025-12-26 19:09:24.999743 | BNBUSDT | 15m
2025-12-26 19:09:25.379739 | BNBUSDT | 30m
2025-12-26 19:09:25.769710 | BNBUSDT | 1h
2025-12-26 19:09:26.169108 | XRPUSDT | 5m
2025-12-26 19:09:26.576021 | XRPUSDT | 15m
2025-12-26 19:09:26.961698 | XRPUSDT | 30m
2025-12-26 19:09:27.361160 | XRPUSDT | 1h
2025-12-26 19:09:27.750831 | ADAUSDT | 5m
2025-12-26 19:09:28.152744 | ADAUSDT | 15m
2025-12-26 19:09:28.538668 | ADAUSDT | 30m
2025-12-26 19:09:28.931148 | ADAUSDT | 1h
2025-12-26 19:09:29.329408 | AVAXUSDT | 5m
2025-12-26 19:09:29.712036 | AVAXUSDT | 15m
2025-12-26 19:09:30.117370 | AVAXUSDT | 30m
2025-12-26 19:09:30.506563 | AVAXUSDT | 1h
2025-12-26 19:09:30.898464 | LINKUSDT | 5m
2025-12-26 19:09:31.298983 | LINKUSDT | 15m
2025-12-26 19:09:31.692261 | LINKUSDT | 30m
2025-12-26 19:09:32.075982 | LINKUSDT | 1h
2025-12-26 19:09:32.459659 | OPUSDT | 5m
2025-12-26 19:09:32.853351 | OPUSDT | 15m
2025-12-26 19:09:33.234235 | OPUSDT | 30m
2025-12-26 19:09:33.955388 | OPUSDT | 1h
2025-12-26 19:09:34.352459 | ARBUSDT | 5m
2025-12-26 19:09:34.773440 | ARBUSDT | 15m
2025-12-26 19:09:35.175079 | ARBUSDT | 30m
2025-12-26 19:09:35.567764 | ARBUSDT | 1h
2025-12-26 19:13:38.464194 | BTCUSDT | 5m
2025-12-26 19:13:38.870400 | BTCUSDT | 15m
2025-12-26 19:13:39.266417 | BTCUSDT | 30m
2025-12-26 19:13:39.647888 | BTCUSDT | 1h
2025-12-26 19:13:40.056164 | ETHUSDT | 5m
2025-12-26 19:13:40.436007 | ETHUSDT | 15m
2025-12-26 19:13:40.832358 | ETHUSDT | 30m
2025-12-26 19:13:41.235685 | ETHUSDT | 1h
2025-12-26 19:13:41.641287 | SOLUSDT | 5m
2025-12-26 19:13:42.036722 | SOLUSDT | 15m
2025-12-26 19:13:42.416846 | SOLUSDT | 30m
2025-12-26 19:13:42.804614 | SOLUSDT | 1h
2025-12-26 19:13:43.235163 | BNBUSDT | 5m
2025-12-26 19:13:43.615166 | BNBUSDT | 15m
2025-12-26 19:13:44.020129 | BNBUSDT | 30m
2025-12-26 19:13:44.433762 | BNBUSDT | 1h
2025-12-26 19:13:44.827123 | XRPUSDT | 5m
2025-12-26 19:13:45.234136 | XRPUSDT | 15m
2025-12-26 19:13:45.638569 | XRPUSDT | 30m
2025-12-26 19:13:46.048842 | XRPUSDT | 1h
2025-12-26 19:13:46.454782 | ADAUSDT | 5m
2025-12-26 19:13:46.848806 | ADAUSDT | 15m
2025-12-26 19:13:47.234911 | ADAUSDT | 30m
2025-12-26 19:13:47.623708 | ADAUSDT | 1h
2025-12-26 19:13:48.034345 | AVAXUSDT | 5m
2025-12-26 19:13:48.439986 | AVAXUSDT | 15m
2025-12-26 19:13:48.823360 | AVAXUSDT | 30m
2025-12-26 19:13:49.205395 | AVAXUSDT | 1h
2025-12-26 19:13:49.593131 | LINKUSDT | 5m
2025-12-26 19:13:50.011902 | LINKUSDT | 15m
2025-12-26 19:13:50.405884 | LINKUSDT | 30m
2025-12-26 19:13:50.794743 | LINKUSDT | 1h
2025-12-26 19:13:51.190286 | OPUSDT | 5m
2025-12-26 19:13:51.612921 | OPUSDT | 15m
2025-12-26 19:13:51.998609 | OPUSDT | 30m
2025-12-26 19:13:52.383368 | OPUSDT | 1h
2025-12-26 19:13:52.772785 | ARBUSDT | 5m
2025-12-26 19:13:53.167215 | ARBUSDT | 15m
2025-12-26 19:13:53.553700 | ARBUSDT | 30m
2025-12-26 19:13:53.933994 | ARBUSDT | 1h
2025-12-26 19:14:36.675027 | BTCUSDT | 5m
2025-12-26 19:14:37.084537 | BTCUSDT | 15m
2025-12-26 19:14:37.483493 | BTCUSDT | 30m
2025-12-26 19:14:37.869419 | BTCUSDT | 1h
2025-12-26 19:14:38.266356 | ETHUSDT | 5m
2025-12-26 19:14:38.717768 | ETHUSDT | 15m
2025-12-26 19:14:39.115545 | ETHUSDT | 30m
2025-12-26 19:14:39.526380 | ETHUSDT | 1h
2025-12-26 19:14:39.940334 | SOLUSDT | 5m
2025-12-26 19:14:40.333562 | SOLUSDT | 15m
2025-12-26 19:14:40.748553 | SOLUSDT | 30m
2025-12-26 19:14:41.149357 | SOLUSDT | 1h
2025-12-26 19:14:41.555792 | BNBUSDT | 5m
2025-12-26 19:14:41.965244 | BNBUSDT | 15m
2025-12-26 19:14:42.358097 | BNBUSDT | 30m
2025-12-26 19:14:42.770334 | BNBUSDT | 1h
2025-12-26 19:14:43.150383 | XRPUSDT | 5m
2025-12-26 19:14:43.535827 | XRPUSDT | 15m
2025-12-26 19:14:43.938836 | XRPUSDT | 30m
2025-12-26 19:14:44.335648 | XRPUSDT | 1h
2025-12-26 19:14:44.718999 | ADAUSDT | 5m
2025-12-26 19:14:45.123024 | ADAUSDT | 15m
2025-12-26 19:14:45.578765 | ADAUSDT | 30m
2025-12-26 19:14:45.977078 | ADAUSDT | 1h
2025-12-26 19:14:46.375924 | AVAXUSDT | 5m
2025-12-26 19:14:46.784354 | AVAXUSDT | 15m
2025-12-26 19:14:47.167284 | AVAXUSDT | 30m
2025-12-26 19:14:47.574475 | AVAXUSDT | 1h
2025-12-26 19:14:47.985381 | LINKUSDT | 5m
2025-12-26 19:14:48.387442 | LINKUSDT | 15m
2025-12-26 19:14:48.781915 | LINKUSDT | 30m
2025-12-26 19:14:49.184622 | LINKUSDT | 1h
2025-12-26 19:14:49.575748 | OPUSDT | 5m
2025-12-26 19:14:49.982229 | OPUSDT | 15m
2025-12-26 19:14:50.383881 | OPUSDT | 30m
2025-12-26 19:14:50.785101 | OPUSDT | 1h
2025-12-26 19:14:51.195713 | ARBUSDT | 5m
2025-12-26 19:14:51.593278 | ARBUSDT | 15m
2025-12-26 19:14:51.974428 | ARBUSDT | 30m
2025-12-26 19:14:52.436001 | ARBUSDT | 1h
2025-12-26 19:18:55.125187 | BTCUSDT | 5m
2025-12-26 19:18:55.523520 | BTCUSDT | 15m
2025-12-26 19:18:55.923742 | BTCUSDT | 30m
2025-12-26 19:18:56.324249 | BTCUSDT | 1h
2025-12-26 19:18:56.719746 | ETHUSDT | 5m
2025-12-26 19:18:57.114259 | ETHUSDT | 15m
2025-12-26 19:18:57.504487 | ETHUSDT | 30m
2025-12-26 19:18:57.912181 | ETHUSDT | 1h
2025-12-26 19:18:58.641083 | SOLUSDT | 5m
2025-12-26 19:18:59.053563 | SOLUSDT | 15m
2025-12-26 19:18:59.450029 | SOLUSDT | 30m
2025-12-26 19:18:59.842456 | SOLUSDT | 1h
2025-12-26 19:19:00.241239 | BNBUSDT | 5m
2025-12-26 19:19:00.650854 | BNBUSDT | 15m
2025-12-26 19:19:01.052852 | BNBUSDT | 30m
2025-12-26 19:19:01.449435 | BNBUSDT | 1h
2025-12-26 19:19:01.908088 | XRPUSDT | 5m
2025-12-26 19:19:02.315267 | XRPUSDT | 15m
2025-12-26 19:19:02.706718 | XRPUSDT | 30m
2025-12-26 19:19:03.115787 | XRPUSDT | 1h
2025-12-26 19:19:03.529845 | ADAUSDT | 5m
2025-12-26 19:19:03.942400 | ADAUSDT | 15m
2025-12-26 19:19:04.349638 | ADAUSDT | 30m
2025-12-26 19:19:04.752837 | ADAUSDT | 1h
2025-12-26 19:19:05.152334 | AVAXUSDT | 5m
2025-12-26 19:19:05.546134 | AVAXUSDT | 15m
2025-12-26 19:19:05.954042 | AVAXUSDT | 30m
2025-12-26 19:19:06.366761 | AVAXUSDT | 1h
2025-12-26 19:19:06.754012 | LINKUSDT | 5m
2025-12-26 19:19:07.159774 | LINKUSDT | 15m
2025-12-26 19:19:07.553855 | LINKUSDT | 30m
2025-12-26 19:19:07.958919 | LINKUSDT | 1h
2025-12-26 19:19:08.376013 | OPUSDT | 5m
2025-12-26 19:19:08.800466 | OPUSDT | 15m
2025-12-26 19:19:09.200752 | OPUSDT | 30m
2025-12-26 19:19:09.602700 | OPUSDT | 1h
2025-12-26 19:19:10.014606 | ARBUSDT | 5m
2025-12-26 19:19:10.398489 | ARBUSDT | 15m
2025-12-26 19:19:10.790583 | ARBUSDT | 30m
2025-12-26 19:19:11.186794 | ARBUSDT | 1h
2025-12-26 19:19:53.577424 | BTCUSDT | 5m
2025-12-26 19:19:53.971647 | BTCUSDT | 15m
2025-12-26 19:19:54.365869 | BTCUSDT | 30m
2025-12-26 19:19:54.816005 | BTCUSDT | 1h
2025-12-26 19:19:55.526099 | ETHUSDT | 5m
2025-12-26 19:19:55.925371 | ETHUSDT | 15m
2025-12-26 19:19:56.329277 | ETHUSDT | 30m
2025-12-26 19:19:56.710588 | ETHUSDT | 1h
2025-12-26 19:19:57.121588 | SOLUSDT | 5m
2025-12-26 19:19:57.508932 | SOLUSDT | 15m
2025-12-26 19:19:57.906206 | SOLUSDT | 30m
2025-12-26 19:19:58.310375 | SOLUSDT | 1h
2025-12-26 19:19:58.722941 | BNBUSDT | 5m
2025-12-26 19:19:59.124189 | BNBUSDT | 15m
2025-12-26 19:19:59.521869 | BNBUSDT | 30m
2025-12-26 19:19:59.913516 | BNBUSDT | 1h
2025-12-26 19:20:00.354273 | XRPUSDT | 5m
2025-12-26 19:20:00.771553 | XRPUSDT | 15m
2025-12-26 19:20:01.168260 | XRPUSDT | 30m
2025-12-26 19:20:01.589782 | XRPUSDT | 1h
2025-12-26 19:20:02.012802 | ADAUSDT | 5m
2025-12-26 19:20:02.438491 | ADAUSDT | 15m
2025-12-26 19:20:02.849177 | ADAUSDT | 30m
2025-12-26 19:20:03.251281 | ADAUSDT | 1h
2025-12-26 19:20:03.651685 | AVAXUSDT | 5m
2025-12-26 19:20:04.068148 | AVAXUSDT | 15m
2025-12-26 19:20:04.461399 | AVAXUSDT | 30m
2025-12-26 19:20:04.883516 | AVAXUSDT | 1h
2025-12-26 19:20:05.641999 | LINKUSDT | 5m
2025-12-26 19:20:06.032199 | LINKUSDT | 15m
2025-12-26 19:20:06.417322 | LINKUSDT | 30m
2025-12-26 19:20:06.812271 | LINKUSDT | 1h
2025-12-26 19:20:07.199052 | OPUSDT | 5m
2025-12-26 19:20:07.589837 | OPUSDT | 15m
2025-12-26 19:20:07.987132 | OPUSDT | 30m
2025-12-26 19:20:08.385528 | OPUSDT | 1h
2025-12-26 19:20:08.769015 | ARBUSDT | 5m
2025-12-26 19:20:09.166784 | ARBUSDT | 15m
2025-12-26 19:20:09.563237 | ARBUSDT | 30m
2025-12-26 19:20:09.962871 | ARBUSDT | 1h
2025-12-26 19:24:12.331188 | BTCUSDT | 5m
2025-12-26 19:24:12.740641 | BTCUSDT | 15m
2025-12-26 19:24:13.143149 | BTCUSDT | 30m
2025-12-26 19:24:13.540282 | BTCUSDT | 1h
2025-12-26 19:24:13.928040 | ETHUSDT | 5m
2025-12-26 19:24:14.325134 | ETHUSDT | 15m
2025-12-26 19:24:14.718098 | ETHUSDT | 30m
2025-12-26 19:24:15.114990 | ETHUSDT | 1h
2025-12-26 19:24:15.507396 | SOLUSDT | 5m
2025-12-26 19:24:15.905337 | SOLUSDT | 15m
2025-12-26 19:24:16.301935 | SOLUSDT | 30m
2025-12-26 19:24:16.712282 | SOLUSDT | 1h
2025-12-26 19:24:17.097207 | BNBUSDT | 5m
2025-12-26 19:24:17.491771 | BNBUSDT | 15m
2025-12-26 19:24:17.894561 | BNBUSDT | 30m
2025-12-26 19:24:18.276822 | BNBUSDT | 1h
2025-12-26 19:24:18.670744 | XRPUSDT | 5m
2025-12-26 19:24:19.062968 | XRPUSDT | 15m
2025-12-26 19:24:19.482729 | XRPUSDT | 30m
2025-12-26 19:24:19.878857 | XRPUSDT | 1h
2025-12-26 19:24:20.280937 | ADAUSDT | 5m
2025-12-26 19:24:20.684475 | ADAUSDT | 15m
2025-12-26 19:24:21.379248 | ADAUSDT | 30m
2025-12-26 19:24:21.788437 | ADAUSDT | 1h
2025-12-26 19:24:22.206487 | AVAXUSDT | 5m
2025-12-26 19:24:22.600008 | AVAXUSDT | 15m
2025-12-26 19:24:22.993466 | AVAXUSDT | 30m
2025-12-26 19:24:23.412468 | AVAXUSDT | 1h
2025-12-26 19:24:23.816809 | LINKUSDT | 5m
2025-12-26 19:24:24.226408 | LINKUSDT | 15m
2025-12-26 19:24:24.641891 | LINKUSDT | 30m
2025-12-26 19:24:25.067002 | LINKUSDT | 1h
2025-12-26 19:24:25.465366 | OPUSDT | 5m
2025-12-26 19:24:25.883200 | OPUSDT | 15m
2025-12-26 19:24:26.310127 | OPUSDT | 30m
2025-12-26 19:24:26.733398 | OPUSDT | 1h
2025-12-26 19:24:27.137976 | ARBUSDT | 5m
2025-12-26 19:24:27.538499 | ARBUSDT | 15m
2025-12-26 19:24:27.944341 | ARBUSDT | 30m
2025-12-26 19:24:28.359265 | ARBUSDT | 1h
2025-12-26 19:25:11.059047 | BTCUSDT | 5m
2025-12-26 19:25:11.465429 | BTCUSDT | 15m
2025-12-26 19:25:11.859699 | BTCUSDT | 30m
2025-12-26 19:25:12.244513 | BTCUSDT | 1h
2025-12-26 19:25:12.700705 | ETHUSDT | 5m
2025-12-26 19:25:13.079387 | ETHUSDT | 15m
2025-12-26 19:25:13.492931 | ETHUSDT | 30m
2025-12-26 19:25:13.897477 | ETHUSDT | 1h
2025-12-26 19:25:14.283375 | SOLUSDT | 5m
2025-12-26 19:25:14.679926 | SOLUSDT | 15m
2025-12-26 19:25:15.084877 | SOLUSDT | 30m
2025-12-26 19:25:15.499982 | SOLUSDT | 1h
2025-12-26 19:25:15.898241 | BNBUSDT | 5m
2025-12-26 19:25:16.309088 | BNBUSDT | 15m
2025-12-26 19:25:16.719684 | BNBUSDT | 30m
2025-12-26 19:25:17.142292 | BNBUSDT | 1h
2025-12-26 19:25:17.538012 | XRPUSDT | 5m
2025-12-26 19:25:17.954139 | XRPUSDT | 15m
2025-12-26 19:25:18.362331 | XRPUSDT | 30m
2025-12-26 19:25:18.760785 | XRPUSDT | 1h
2025-12-26 19:25:19.142902 | ADAUSDT | 5m
2025-12-26 19:25:19.548800 | ADAUSDT | 15m
2025-12-26 19:25:19.926827 | ADAUSDT | 30m
2025-12-26 19:25:20.326506 | ADAUSDT | 1h
2025-12-26 19:25:20.722887 | AVAXUSDT | 5m
2025-12-26 19:25:21.116689 | AVAXUSDT | 15m
2025-12-26 19:25:21.516090 | AVAXUSDT | 30m
2025-12-26 19:25:21.926171 | AVAXUSDT | 1h
2025-12-26 19:25:22.317155 | LINKUSDT | 5m
2025-12-26 19:25:23.010236 | LINKUSDT | 15m
2025-12-26 19:25:23.390059 | LINKUSDT | 30m
2025-12-26 19:25:23.785753 | LINKUSDT | 1h
2025-12-26 19:25:24.170444 | OPUSDT | 5m
2025-12-26 19:25:24.570032 | OPUSDT | 15m
2025-12-26 19:25:24.966516 | OPUSDT | 30m
2025-12-26 19:25:25.348904 | OPUSDT | 1h
2025-12-26 19:25:25.755688 | ARBUSDT | 5m
2025-12-26 19:25:26.156582 | ARBUSDT | 15m
2025-12-26 19:25:26.542167 | ARBUSDT | 30m
2025-12-26 19:25:26.942842 | ARBUSDT | 1h
2025-12-26 19:29:29.523327 | BTCUSDT | 5m
2025-12-26 19:29:29.940909 | BTCUSDT | 15m
2025-12-26 19:29:30.355716 | BTCUSDT | 30m
2025-12-26 19:29:30.757700 | BTCUSDT | 1h
2025-12-26 19:29:31.174860 | ETHUSDT | 5m
2025-12-26 19:29:31.588044 | ETHUSDT | 15m
2025-12-26 19:29:31.999554 | ETHUSDT | 30m
2025-12-26 19:29:32.418667 | ETHUSDT | 1h
2025-12-26 19:29:32.822142 | SOLUSDT | 5m
2025-12-26 19:29:33.228076 | SOLUSDT | 15m
2025-12-26 19:29:33.642857 | SOLUSDT | 30m
2025-12-26 19:29:34.049963 | SOLUSDT | 1h
2025-12-26 19:29:34.474324 | BNBUSDT | 5m
2025-12-26 19:29:34.890452 | BNBUSDT | 15m
2025-12-26 19:29:35.306402 | BNBUSDT | 30m
2025-12-26 19:29:35.711826 | BNBUSDT | 1h
2025-12-26 19:29:36.130855 | XRPUSDT | 5m
2025-12-26 19:29:36.539254 | XRPUSDT | 15m
2025-12-26 19:29:36.954558 | XRPUSDT | 30m
2025-12-26 19:29:37.361598 | XRPUSDT | 1h
2025-12-26 19:29:37.759756 | ADAUSDT | 5m
2025-12-26 19:29:38.188843 | ADAUSDT | 15m
2025-12-26 19:29:38.611691 | ADAUSDT | 30m
2025-12-26 19:29:39.025031 | ADAUSDT | 1h
2025-12-26 19:29:39.442383 | AVAXUSDT | 5m
2025-12-26 19:29:39.854440 | AVAXUSDT | 15m
2025-12-26 19:29:40.270410 | AVAXUSDT | 30m
2025-12-26 19:29:40.692622 | AVAXUSDT | 1h
2025-12-26 19:29:41.109405 | LINKUSDT | 5m
2025-12-26 19:29:41.518394 | LINKUSDT | 15m
2025-12-26 19:29:41.915634 | LINKUSDT | 30m
2025-12-26 19:29:42.344734 | LINKUSDT | 1h
2025-12-26 19:29:42.757630 | OPUSDT | 5m
2025-12-26 19:29:43.167899 | OPUSDT | 15m
2025-12-26 19:29:43.583792 | OPUSDT | 30m
2025-12-26 19:29:43.998871 | OPUSDT | 1h
2025-12-26 19:29:44.425062 | ARBUSDT | 5m
2025-12-26 19:29:44.828707 | ARBUSDT | 15m
2025-12-26 19:29:45.239195 | ARBUSDT | 30m
2025-12-26 19:29:45.655904 | ARBUSDT | 1h
2025-12-26 19:30:28.146743 | BTCUSDT | 5m
2025-12-26 19:30:28.550540 | BTCUSDT | 15m
2025-12-26 19:30:28.968403 | BTCUSDT | 30m
2025-12-26 19:30:29.388145 | BTCUSDT | 1h
2025-12-26 19:30:29.893003 | ETHUSDT | 5m
2025-12-26 19:30:30.310517 | ETHUSDT | 15m
2025-12-26 19:30:30.711752 | ETHUSDT | 30m
2025-12-26 19:30:31.131217 | ETHUSDT | 1h
2025-12-26 19:30:31.540357 | SOLUSDT | 5m
2025-12-26 19:30:31.953694 | SOLUSDT | 15m
2025-12-26 19:30:32.373609 | SOLUSDT | 30m
2025-12-26 19:30:32.801072 | SOLUSDT | 1h
2025-12-26 19:30:33.207780 | BNBUSDT | 5m
2025-12-26 19:30:33.609157 | BNBUSDT | 15m
2025-12-26 19:30:34.022986 | BNBUSDT | 30m
2025-12-26 19:30:34.437220 | BNBUSDT | 1h
2025-12-26 19:30:34.845243 | XRPUSDT | 5m
2025-12-26 19:30:35.247416 | XRPUSDT | 15m
2025-12-26 19:30:35.648646 | XRPUSDT | 30m
2025-12-26 19:30:36.048482 | XRPUSDT | 1h
2025-12-26 19:30:36.462561 | ADAUSDT | 5m
2025-12-26 19:30:36.868102 | ADAUSDT | 15m
2025-12-26 19:30:37.285266 | ADAUSDT | 30m
2025-12-26 19:30:37.698241 | ADAUSDT | 1h
2025-12-26 19:30:38.114288 | AVAXUSDT | 5m
2025-12-26 19:30:38.524697 | AVAXUSDT | 15m
2025-12-26 19:30:38.932484 | AVAXUSDT | 30m
2025-12-26 19:30:39.345179 | AVAXUSDT | 1h
2025-12-26 19:30:39.766823 | LINKUSDT | 5m
2025-12-26 19:30:40.183930 | LINKUSDT | 15m
2025-12-26 19:30:40.586409 | LINKUSDT | 30m
2025-12-26 19:30:41.003514 | LINKUSDT | 1h
2025-12-26 19:30:41.490017 | OPUSDT | 5m
2025-12-26 19:30:41.915667 | OPUSDT | 15m
2025-12-26 19:30:42.326788 | OPUSDT | 30m
2025-12-26 19:30:42.730189 | OPUSDT | 1h
2025-12-26 19:30:43.130787 | ARBUSDT | 5m
2025-12-26 19:30:43.530181 | ARBUSDT | 15m
2025-12-26 19:30:43.931981 | ARBUSDT | 30m
2025-12-26 19:30:44.333383 | ARBUSDT | 1h
2025-12-26 19:34:46.769579 | BTCUSDT | 5m
2025-12-26 19:34:47.179232 | BTCUSDT | 15m
2025-12-26 19:34:47.579075 | BTCUSDT | 30m
2025-12-26 19:34:47.992983 | BTCUSDT | 1h
2025-12-26 19:34:48.404743 | ETHUSDT | 5m
2025-12-26 19:34:48.823259 | ETHUSDT | 15m
2025-12-26 19:34:49.224910 | ETHUSDT | 30m
2025-12-26 19:34:49.634669 | ETHUSDT | 1h
2025-12-26 19:34:50.034144 | SOLUSDT | 5m
2025-12-26 19:34:50.445090 | SOLUSDT | 15m
2025-12-26 19:34:50.858848 | SOLUSDT | 30m
2025-12-26 19:34:51.270488 | SOLUSDT | 1h
2025-12-26 19:34:51.686648 | BNBUSDT | 5m
2025-12-26 19:34:52.095813 | BNBUSDT | 15m
2025-12-26 19:34:52.504094 | BNBUSDT | 30m
2025-12-26 19:34:52.901344 | BNBUSDT | 1h
2025-12-26 19:34:53.301641 | XRPUSDT | 5m
2025-12-26 19:34:53.708152 | XRPUSDT | 15m
2025-12-26 19:34:54.421828 | XRPUSDT | 30m
2025-12-26 19:34:54.876881 | XRPUSDT | 1h
2025-12-26 19:34:55.292407 | ADAUSDT | 5m
2025-12-26 19:34:55.708283 | ADAUSDT | 15m
2025-12-26 19:34:56.126128 | ADAUSDT | 30m
2025-12-26 19:34:56.540928 | ADAUSDT | 1h
2025-12-26 19:34:56.949137 | AVAXUSDT | 5m
2025-12-26 19:34:57.373036 | AVAXUSDT | 15m
2025-12-26 19:34:57.776966 | AVAXUSDT | 30m
2025-12-26 19:34:58.183895 | AVAXUSDT | 1h
2025-12-26 19:34:58.597058 | LINKUSDT | 5m
2025-12-26 19:34:59.021884 | LINKUSDT | 15m
2025-12-26 19:34:59.429243 | LINKUSDT | 30m
2025-12-26 19:34:59.841875 | LINKUSDT | 1h
2025-12-26 19:35:00.246853 | OPUSDT | 5m
2025-12-26 19:35:00.654759 | OPUSDT | 15m
2025-12-26 19:35:01.071918 | OPUSDT | 30m
2025-12-26 19:35:01.501769 | OPUSDT | 1h
2025-12-26 19:35:01.952061 | ARBUSDT | 5m
2025-12-26 19:35:02.359631 | ARBUSDT | 15m
2025-12-26 19:35:02.782342 | ARBUSDT | 30m
2025-12-26 19:35:03.200655 | ARBUSDT | 1h
2025-12-26 19:35:45.413975 | BTCUSDT | 5m
2025-12-26 19:35:45.828639 | BTCUSDT | 15m
2025-12-26 19:35:46.228489 | BTCUSDT | 30m
2025-12-26 19:35:46.630107 | BTCUSDT | 1h
2025-12-26 19:35:47.114339 | ETHUSDT | 5m
2025-12-26 19:35:47.516998 | ETHUSDT | 15m
2025-12-26 19:35:47.933562 | ETHUSDT | 30m
2025-12-26 19:35:48.341492 | ETHUSDT | 1h
2025-12-26 19:35:48.748382 | SOLUSDT | 5m
2025-12-26 19:35:49.151922 | SOLUSDT | 15m
2025-12-26 19:35:49.568636 | SOLUSDT | 30m
2025-12-26 19:35:50.007737 | SOLUSDT | 1h
2025-12-26 19:35:50.452630 | BNBUSDT | 5m
2025-12-26 19:35:50.852764 | BNBUSDT | 15m
2025-12-26 19:35:51.270000 | BNBUSDT | 30m
2025-12-26 19:35:51.696878 | BNBUSDT | 1h
2025-12-26 19:35:52.116760 | XRPUSDT | 5m
2025-12-26 19:35:52.518488 | XRPUSDT | 15m
2025-12-26 19:35:52.924484 | XRPUSDT | 30m
2025-12-26 19:35:53.333509 | XRPUSDT | 1h
2025-12-26 19:35:53.733063 | ADAUSDT | 5m
2025-12-26 19:35:54.134504 | ADAUSDT | 15m
2025-12-26 19:35:54.558352 | ADAUSDT | 30m
2025-12-26 19:35:54.959923 | ADAUSDT | 1h
2025-12-26 19:35:55.379055 | AVAXUSDT | 5m
2025-12-26 19:35:55.802826 | AVAXUSDT | 15m
2025-12-26 19:35:56.217798 | AVAXUSDT | 30m
2025-12-26 19:35:56.622102 | AVAXUSDT | 1h
2025-12-26 19:35:57.037814 | LINKUSDT | 5m
2025-12-26 19:35:57.449624 | LINKUSDT | 15m
2025-12-26 19:35:57.859824 | LINKUSDT | 30m
2025-12-26 19:35:58.262270 | LINKUSDT | 1h
2025-12-26 19:35:58.666126 | OPUSDT | 5m
2025-12-26 19:35:59.081712 | OPUSDT | 15m
2025-12-26 19:35:59.496937 | OPUSDT | 30m
2025-12-26 19:35:59.913000 | OPUSDT | 1h
2025-12-26 19:36:00.367515 | ARBUSDT | 5m
2025-12-26 19:36:00.804587 | ARBUSDT | 15m
2025-12-26 19:36:01.216655 | ARBUSDT | 30m
2025-12-26 19:36:01.632619 | ARBUSDT | 1h
2025-12-26 19:40:04.438914 | BTCUSDT | 5m
2025-12-26 19:40:04.864555 | BTCUSDT | 15m
2025-12-26 19:40:05.280628 | BTCUSDT | 30m
2025-12-26 19:40:05.683770 | BTCUSDT | 1h
2025-12-26 19:40:06.102618 | ETHUSDT | 5m
2025-12-26 19:40:06.525265 | ETHUSDT | 15m
2025-12-26 19:40:06.944536 | ETHUSDT | 30m
2025-12-26 19:40:07.357072 | ETHUSDT | 1h
2025-12-26 19:40:07.774547 | SOLUSDT | 5m
2025-12-26 19:40:08.201119 | SOLUSDT | 15m
2025-12-26 19:40:08.610952 | SOLUSDT | 30m
2025-12-26 19:40:09.016648 | SOLUSDT | 1h
2025-12-26 19:40:09.425671 | BNBUSDT | 5m
2025-12-26 19:40:09.828903 | BNBUSDT | 15m
2025-12-26 19:40:10.240084 | BNBUSDT | 30m
2025-12-26 19:40:10.659720 | BNBUSDT | 1h
2025-12-26 19:40:11.075595 | XRPUSDT | 5m
2025-12-26 19:40:11.505827 | XRPUSDT | 15m
2025-12-26 19:40:11.918408 | XRPUSDT | 30m
2025-12-26 19:40:12.333512 | XRPUSDT | 1h
2025-12-26 19:40:12.740058 | ADAUSDT | 5m
2025-12-26 19:40:13.161804 | ADAUSDT | 15m
2025-12-26 19:40:13.562369 | ADAUSDT | 30m
2025-12-26 19:40:13.977720 | ADAUSDT | 1h
2025-12-26 19:40:14.391547 | AVAXUSDT | 5m
2025-12-26 19:40:14.792714 | AVAXUSDT | 15m
2025-12-26 19:40:15.199806 | AVAXUSDT | 30m
2025-12-26 19:40:15.608409 | AVAXUSDT | 1h
2025-12-26 19:40:16.019525 | LINKUSDT | 5m
2025-12-26 19:40:16.417162 | LINKUSDT | 15m
2025-12-26 19:40:16.821688 | LINKUSDT | 30m
2025-12-26 19:40:17.237612 | LINKUSDT | 1h
2025-12-26 19:40:17.653387 | OPUSDT | 5m
2025-12-26 19:40:18.065883 | OPUSDT | 15m
2025-12-26 19:40:18.483594 | OPUSDT | 30m
2025-12-26 19:40:18.882754 | OPUSDT | 1h
2025-12-26 19:40:19.299063 | ARBUSDT | 5m
2025-12-26 19:40:19.715703 | ARBUSDT | 15m
2025-12-26 19:40:20.118160 | ARBUSDT | 30m
2025-12-26 19:40:20.525409 | ARBUSDT | 1h
2025-12-26 19:41:02.770782 | BTCUSDT | 5m
2025-12-26 19:41:03.188202 | BTCUSDT | 15m
2025-12-26 19:41:03.617945 | BTCUSDT | 30m
2025-12-26 19:41:04.025138 | BTCUSDT | 1h
2025-12-26 19:41:04.432996 | ETHUSDT | 5m
2025-12-26 19:41:04.898033 | ETHUSDT | 15m
2025-12-26 19:41:05.312424 | ETHUSDT | 30m
2025-12-26 19:41:05.726115 | ETHUSDT | 1h
2025-12-26 19:41:06.151970 | SOLUSDT | 5m
2025-12-26 19:41:06.568886 | SOLUSDT | 15m
2025-12-26 19:41:06.997352 | SOLUSDT | 30m
2025-12-26 19:41:07.406198 | SOLUSDT | 1h
2025-12-26 19:41:07.808778 | BNBUSDT | 5m
2025-12-26 19:41:08.225373 | BNBUSDT | 15m
2025-12-26 19:41:08.641752 | BNBUSDT | 30m
2025-12-26 19:41:09.064060 | BNBUSDT | 1h
2025-12-26 19:41:09.484993 | XRPUSDT | 5m
2025-12-26 19:41:09.896511 | XRPUSDT | 15m
2025-12-26 19:41:10.299164 | XRPUSDT | 30m
2025-12-26 19:41:10.719349 | XRPUSDT | 1h
2025-12-26 19:41:11.119804 | ADAUSDT | 5m
2025-12-26 19:41:11.529019 | ADAUSDT | 15m
2025-12-26 19:41:11.927482 | ADAUSDT | 30m
2025-12-26 19:41:12.337138 | ADAUSDT | 1h
2025-12-26 19:41:12.757279 | AVAXUSDT | 5m
2025-12-26 19:41:13.169004 | AVAXUSDT | 15m
2025-12-26 19:41:13.584699 | AVAXUSDT | 30m
2025-12-26 19:41:14.006176 | AVAXUSDT | 1h
2025-12-26 19:41:14.401181 | LINKUSDT | 5m
2025-12-26 19:41:14.814773 | LINKUSDT | 15m
2025-12-26 19:41:15.218333 | LINKUSDT | 30m
2025-12-26 19:41:15.616216 | LINKUSDT | 1h
2025-12-26 19:41:16.027342 | OPUSDT | 5m
2025-12-26 19:41:16.439631 | OPUSDT | 15m
2025-12-26 19:41:16.840634 | OPUSDT | 30m
2025-12-26 19:41:17.261044 | OPUSDT | 1h
2025-12-26 19:41:17.678747 | ARBUSDT | 5m
2025-12-26 19:41:18.077279 | ARBUSDT | 15m
2025-12-26 19:41:18.498461 | ARBUSDT | 30m
2025-12-26 19:41:18.906242 | ARBUSDT | 1h
2025-12-26 19:45:21.712990 | BTCUSDT | 5m
2025-12-26 19:45:22.116210 | BTCUSDT | 15m
2025-12-26 19:45:22.544178 | BTCUSDT | 30m
2025-12-26 19:45:22.956208 | BTCUSDT | 1h
2025-12-26 19:45:23.374886 | ETHUSDT | 5m
2025-12-26 19:45:23.794767 | ETHUSDT | 15m
2025-12-26 19:45:24.194030 | ETHUSDT | 30m
2025-12-26 19:45:24.595562 | ETHUSDT | 1h
2025-12-26 19:45:25.010883 | SOLUSDT | 5m
2025-12-26 19:45:25.414661 | SOLUSDT | 15m
2025-12-26 19:45:25.831764 | SOLUSDT | 30m
2025-12-26 19:45:26.251383 | SOLUSDT | 1h
2025-12-26 19:45:26.653921 | BNBUSDT | 5m
2025-12-26 19:45:27.073082 | BNBUSDT | 15m
2025-12-26 19:45:27.474352 | BNBUSDT | 30m
2025-12-26 19:45:27.882459 | BNBUSDT | 1h
2025-12-26 19:45:28.293519 | XRPUSDT | 5m
2025-12-26 19:45:28.712579 | XRPUSDT | 15m
2025-12-26 19:45:29.125058 | XRPUSDT | 30m
2025-12-26 19:45:29.546578 | XRPUSDT | 1h
2025-12-26 19:45:29.959276 | ADAUSDT | 5m
2025-12-26 19:45:30.372350 | ADAUSDT | 15m
2025-12-26 19:45:30.784049 | ADAUSDT | 30m
2025-12-26 19:45:31.198515 | ADAUSDT | 1h
2025-12-26 19:45:31.595584 | AVAXUSDT | 5m
2025-12-26 19:45:32.006433 | AVAXUSDT | 15m
2025-12-26 19:45:32.409834 | AVAXUSDT | 30m
2025-12-26 19:45:32.839545 | AVAXUSDT | 1h
2025-12-26 19:45:33.239249 | LINKUSDT | 5m
2025-12-26 19:45:33.650934 | LINKUSDT | 15m
2025-12-26 19:45:34.061853 | LINKUSDT | 30m
2025-12-26 19:45:34.462578 | LINKUSDT | 1h
2025-12-26 19:45:34.875942 | OPUSDT | 5m
2025-12-26 19:45:35.280728 | OPUSDT | 15m
2025-12-26 19:45:35.687909 | OPUSDT | 30m
2025-12-26 19:45:36.094885 | OPUSDT | 1h
2025-12-26 19:45:36.494541 | ARBUSDT | 5m
2025-12-26 19:45:36.900514 | ARBUSDT | 15m
2025-12-26 19:45:37.314160 | ARBUSDT | 30m
2025-12-26 19:45:37.715562 | ARBUSDT | 1h
2025-12-26 19:46:20.114204 | BTCUSDT | 5m
2025-12-26 19:46:20.525292 | BTCUSDT | 15m
2025-12-26 19:46:20.942917 | BTCUSDT | 30m
2025-12-26 19:46:21.355944 | BTCUSDT | 1h
2025-12-26 19:46:21.759962 | ETHUSDT | 5m
2025-12-26 19:46:22.175240 | ETHUSDT | 15m
2025-12-26 19:46:22.586329 | ETHUSDT | 30m
2025-12-26 19:46:23.013774 | ETHUSDT | 1h
2025-12-26 19:46:23.424731 | SOLUSDT | 5m
2025-12-26 19:46:23.835989 | SOLUSDT | 15m
2025-12-26 19:46:24.238174 | SOLUSDT | 30m
2025-12-26 19:46:24.646676 | SOLUSDT | 1h
2025-12-26 19:46:25.065330 | BNBUSDT | 5m
2025-12-26 19:46:25.470054 | BNBUSDT | 15m
2025-12-26 19:46:25.892670 | BNBUSDT | 30m
2025-12-26 19:46:26.314001 | BNBUSDT | 1h
2025-12-26 19:46:26.728143 | XRPUSDT | 5m
2025-12-26 19:46:27.125712 | XRPUSDT | 15m
2025-12-26 19:46:27.573166 | XRPUSDT | 30m
2025-12-26 19:46:27.980341 | XRPUSDT | 1h
2025-12-26 19:46:28.384679 | ADAUSDT | 5m
2025-12-26 19:46:28.792359 | ADAUSDT | 15m
2025-12-26 19:46:29.214031 | ADAUSDT | 30m
2025-12-26 19:46:29.618928 | ADAUSDT | 1h
2025-12-26 19:46:30.030996 | AVAXUSDT | 5m
2025-12-26 19:46:30.442780 | AVAXUSDT | 15m
2025-12-26 19:46:30.862225 | AVAXUSDT | 30m
2025-12-26 19:46:31.277556 | AVAXUSDT | 1h
2025-12-26 19:46:31.684643 | LINKUSDT | 5m
2025-12-26 19:46:32.092170 | LINKUSDT | 15m
2025-12-26 19:46:32.501128 | LINKUSDT | 30m
2025-12-26 19:46:32.922721 | LINKUSDT | 1h
2025-12-26 19:46:33.337856 | OPUSDT | 5m
2025-12-26 19:46:33.747246 | OPUSDT | 15m
2025-12-26 19:46:34.160160 | OPUSDT | 30m
2025-12-26 19:46:34.573899 | OPUSDT | 1h
2025-12-26 19:46:34.996666 | ARBUSDT | 5m
2025-12-26 19:46:35.396797 | ARBUSDT | 15m
2025-12-26 19:46:35.810179 | ARBUSDT | 30m
2025-12-26 19:46:36.217127 | ARBUSDT | 1h
2025-12-26 19:50:38.831731 | BTCUSDT | 5m
2025-12-26 19:50:39.241766 | BTCUSDT | 15m
2025-12-26 19:50:39.646233 | BTCUSDT | 30m
2025-12-26 19:50:40.046469 | BTCUSDT | 1h
2025-12-26 19:50:40.452960 | ETHUSDT | 5m
2025-12-26 19:50:40.854923 | ETHUSDT | 15m
2025-12-26 19:50:41.264772 | ETHUSDT | 30m
2025-12-26 19:50:41.667134 | ETHUSDT | 1h
2025-12-26 19:50:42.096471 | SOLUSDT | 5m
2025-12-26 19:50:42.515451 | SOLUSDT | 15m
2025-12-26 19:50:42.917862 | SOLUSDT | 30m
2025-12-26 19:50:43.339825 | SOLUSDT | 1h
2025-12-26 19:50:43.761490 | BNBUSDT | 5m
2025-12-26 19:50:44.169443 | BNBUSDT | 15m
2025-12-26 19:50:44.593024 | BNBUSDT | 30m
2025-12-26 19:50:45.009571 | BNBUSDT | 1h
2025-12-26 19:50:45.430738 | XRPUSDT | 5m
2025-12-26 19:50:45.839165 | XRPUSDT | 15m
2025-12-26 19:50:46.250467 | XRPUSDT | 30m
2025-12-26 19:50:46.688809 | XRPUSDT | 1h
2025-12-26 19:50:47.110830 | ADAUSDT | 5m
2025-12-26 19:50:47.511967 | ADAUSDT | 15m
2025-12-26 19:50:47.930086 | ADAUSDT | 30m
2025-12-26 19:50:48.352852 | ADAUSDT | 1h
2025-12-26 19:50:48.776359 | AVAXUSDT | 5m
2025-12-26 19:50:49.175627 | AVAXUSDT | 15m
2025-12-26 19:50:49.593531 | AVAXUSDT | 30m
2025-12-26 19:50:49.992827 | AVAXUSDT | 1h
2025-12-26 19:50:50.403827 | LINKUSDT | 5m
2025-12-26 19:50:50.819389 | LINKUSDT | 15m
2025-12-26 19:50:51.236960 | LINKUSDT | 30m
2025-12-26 19:50:51.649858 | LINKUSDT | 1h
2025-12-26 19:50:52.067102 | OPUSDT | 5m
2025-12-26 19:50:52.484714 | OPUSDT | 15m
2025-12-26 19:50:52.895269 | OPUSDT | 30m
2025-12-26 19:50:53.306066 | OPUSDT | 1h
2025-12-26 19:50:53.709067 | ARBUSDT | 5m
2025-12-26 19:50:54.142470 | ARBUSDT | 15m
2025-12-26 19:50:54.563507 | ARBUSDT | 30m
2025-12-26 19:50:54.982978 | ARBUSDT | 1h
2025-12-26 19:51:37.297227 | BTCUSDT | 5m
2025-12-26 19:51:37.716980 | BTCUSDT | 15m
2025-12-26 19:51:38.132279 | BTCUSDT | 30m
2025-12-26 19:51:38.535105 | BTCUSDT | 1h
2025-12-26 19:51:38.950403 | ETHUSDT | 5m
2025-12-26 19:51:39.430612 | ETHUSDT | 15m
2025-12-26 19:51:39.841533 | ETHUSDT | 30m
2025-12-26 19:51:40.257053 | ETHUSDT | 1h
2025-12-26 19:51:40.660235 | SOLUSDT | 5m
2025-12-26 19:51:41.069155 | SOLUSDT | 15m
2025-12-26 19:51:41.471284 | SOLUSDT | 30m
2025-12-26 19:51:41.874967 | SOLUSDT | 1h
2025-12-26 19:51:42.296914 | BNBUSDT | 5m
2025-12-26 19:51:42.718531 | BNBUSDT | 15m
2025-12-26 19:51:43.137231 | BNBUSDT | 30m
2025-12-26 19:51:43.559683 | BNBUSDT | 1h
2025-12-26 19:51:43.976819 | XRPUSDT | 5m
2025-12-26 19:51:44.379670 | XRPUSDT | 15m
2025-12-26 19:51:44.802053 | XRPUSDT | 30m
2025-12-26 19:51:45.229764 | XRPUSDT | 1h
2025-12-26 19:51:45.640659 | ADAUSDT | 5m
2025-12-26 19:51:46.054817 | ADAUSDT | 15m
2025-12-26 19:51:46.482544 | ADAUSDT | 30m
2025-12-26 19:51:46.909649 | ADAUSDT | 1h
2025-12-26 19:51:47.329147 | AVAXUSDT | 5m
2025-12-26 19:51:47.744121 | AVAXUSDT | 15m
2025-12-26 19:51:48.162619 | AVAXUSDT | 30m
2025-12-26 19:51:48.569039 | AVAXUSDT | 1h
2025-12-26 19:51:48.967686 | LINKUSDT | 5m
2025-12-26 19:51:49.391568 | LINKUSDT | 15m
2025-12-26 19:51:49.824243 | LINKUSDT | 30m
2025-12-26 19:51:50.225373 | LINKUSDT | 1h
2025-12-26 19:51:50.642901 | OPUSDT | 5m
2025-12-26 19:51:51.055155 | OPUSDT | 15m
2025-12-26 19:51:51.499881 | OPUSDT | 30m
2025-12-26 19:51:51.911664 | OPUSDT | 1h
2025-12-26 19:51:52.320128 | ARBUSDT | 5m
2025-12-26 19:51:52.736767 | ARBUSDT | 15m
2025-12-26 19:51:53.139631 | ARBUSDT | 30m
2025-12-26 19:51:53.546157 | ARBUSDT | 1h
2025-12-26 19:55:56.141385 | BTCUSDT | 5m
2025-12-26 19:55:56.541751 | BTCUSDT | 15m
2025-12-26 19:55:56.935122 | BTCUSDT | 30m
2025-12-26 19:55:57.329980 | BTCUSDT | 1h
2025-12-26 19:55:57.731237 | ETHUSDT | 5m
2025-12-26 19:55:58.142633 | ETHUSDT | 15m
2025-12-26 19:55:58.544347 | ETHUSDT | 30m
2025-12-26 19:55:58.935805 | ETHUSDT | 1h
2025-12-26 19:55:59.331742 | SOLUSDT | 5m
2025-12-26 19:55:59.761331 | SOLUSDT | 15m
2025-12-26 19:56:00.151252 | SOLUSDT | 30m
2025-12-26 19:56:00.551851 | SOLUSDT | 1h
2025-12-26 19:56:00.946450 | BNBUSDT | 5m
2025-12-26 19:56:01.354291 | BNBUSDT | 15m
2025-12-26 19:56:01.748371 | BNBUSDT | 30m
2025-12-26 19:56:02.156569 | BNBUSDT | 1h
2025-12-26 19:56:02.554568 | XRPUSDT | 5m
2025-12-26 19:56:02.951225 | XRPUSDT | 15m
2025-12-26 19:56:03.344880 | XRPUSDT | 30m
2025-12-26 19:56:03.734491 | XRPUSDT | 1h
2025-12-26 19:56:04.125689 | ADAUSDT | 5m
2025-12-26 19:56:04.519967 | ADAUSDT | 15m
2025-12-26 19:56:04.936146 | ADAUSDT | 30m
2025-12-26 19:56:05.351480 | ADAUSDT | 1h
2025-12-26 19:56:05.753912 | AVAXUSDT | 5m
2025-12-26 19:56:06.161872 | AVAXUSDT | 15m
2025-12-26 19:56:06.563375 | AVAXUSDT | 30m
2025-12-26 19:56:06.955833 | AVAXUSDT | 1h
2025-12-26 19:56:07.360164 | LINKUSDT | 5m
2025-12-26 19:56:07.753276 | LINKUSDT | 15m
2025-12-26 19:56:08.174573 | LINKUSDT | 30m
2025-12-26 19:56:08.577691 | LINKUSDT | 1h
2025-12-26 19:56:08.970901 | OPUSDT | 5m
2025-12-26 19:56:09.363493 | OPUSDT | 15m
2025-12-26 19:56:09.770766 | OPUSDT | 30m
2025-12-26 19:56:10.173875 | OPUSDT | 1h
2025-12-26 19:56:10.567731 | ARBUSDT | 5m
2025-12-26 19:56:10.965161 | ARBUSDT | 15m
2025-12-26 19:56:11.356820 | ARBUSDT | 30m
2025-12-26 19:56:11.751145 | ARBUSDT | 1h
2025-12-26 19:56:54.602623 | BTCUSDT | 5m
2025-12-26 19:56:54.998282 | BTCUSDT | 15m
2025-12-26 19:56:55.394738 | BTCUSDT | 30m
2025-12-26 19:56:55.787559 | BTCUSDT | 1h
2025-12-26 19:56:56.250141 | ETHUSDT | 5m
2025-12-26 19:56:56.637048 | ETHUSDT | 15m
2025-12-26 19:56:57.026700 | ETHUSDT | 30m
2025-12-26 19:56:57.419220 | ETHUSDT | 1h
2025-12-26 19:56:57.813627 | SOLUSDT | 5m
2025-12-26 19:56:58.210722 | SOLUSDT | 15m
2025-12-26 19:56:58.605761 | SOLUSDT | 30m
2025-12-26 19:56:58.995094 | SOLUSDT | 1h
2025-12-26 19:56:59.394070 | BNBUSDT | 5m
2025-12-26 19:56:59.796027 | BNBUSDT | 15m
2025-12-26 19:57:00.200902 | BNBUSDT | 30m
2025-12-26 19:57:00.591732 | BNBUSDT | 1h
2025-12-26 19:57:00.998674 | XRPUSDT | 5m
2025-12-26 19:57:01.391771 | XRPUSDT | 15m
2025-12-26 19:57:01.785927 | XRPUSDT | 30m
2025-12-26 19:57:02.189990 | XRPUSDT | 1h
2025-12-26 19:57:02.608754 | ADAUSDT | 5m
2025-12-26 19:57:03.008748 | ADAUSDT | 15m
2025-12-26 19:57:03.400904 | ADAUSDT | 30m
2025-12-26 19:57:03.792686 | ADAUSDT | 1h
2025-12-26 19:57:04.189552 | AVAXUSDT | 5m
2025-12-26 19:57:04.580326 | AVAXUSDT | 15m
2025-12-26 19:57:04.965606 | AVAXUSDT | 30m
2025-12-26 19:57:05.359262 | AVAXUSDT | 1h
2025-12-26 19:57:05.755328 | LINKUSDT | 5m
2025-12-26 19:57:06.149927 | LINKUSDT | 15m
2025-12-26 19:57:06.551631 | LINKUSDT | 30m
2025-12-26 19:57:06.946104 | LINKUSDT | 1h
2025-12-26 19:57:07.363594 | OPUSDT | 5m
2025-12-26 19:57:07.763676 | OPUSDT | 15m
2025-12-26 19:57:08.156812 | OPUSDT | 30m
2025-12-26 19:57:08.557247 | OPUSDT | 1h
2025-12-26 19:57:08.957218 | ARBUSDT | 5m
2025-12-26 19:57:09.348329 | ARBUSDT | 15m
2025-12-26 19:57:09.746877 | ARBUSDT | 30m
2025-12-26 19:57:10.152393 | ARBUSDT | 1h
2025-12-26 20:01:12.964100 | BTCUSDT | 5m
2025-12-26 20:01:13.367041 | BTCUSDT | 15m
2025-12-26 20:01:13.768094 | BTCUSDT | 30m
2025-12-26 20:01:14.192986 | BTCUSDT | 1h
2025-12-26 20:01:14.601404 | ETHUSDT | 5m
2025-12-26 20:01:15.012279 | ETHUSDT | 15m
2025-12-26 20:01:15.409035 | ETHUSDT | 30m
2025-12-26 20:01:15.802575 | ETHUSDT | 1h
2025-12-26 20:01:16.190345 | SOLUSDT | 5m
2025-12-26 20:01:16.587989 | SOLUSDT | 15m
2025-12-26 20:01:16.984250 | SOLUSDT | 30m
2025-12-26 20:01:17.382615 | SOLUSDT | 1h
2025-12-26 20:01:17.776135 | BNBUSDT | 5m
2025-12-26 20:01:18.171914 | BNBUSDT | 15m
2025-12-26 20:01:18.568470 | BNBUSDT | 30m
2025-12-26 20:01:18.958693 | BNBUSDT | 1h
2025-12-26 20:01:19.356929 | XRPUSDT | 5m
2025-12-26 20:01:19.745577 | XRPUSDT | 15m
2025-12-26 20:01:20.142917 | XRPUSDT | 30m
2025-12-26 20:01:20.537401 | XRPUSDT | 1h
2025-12-26 20:01:20.926128 | ADAUSDT | 5m
2025-12-26 20:01:21.321724 | ADAUSDT | 15m
2025-12-26 20:01:21.710713 | ADAUSDT | 30m
2025-12-26 20:01:22.121141 | ADAUSDT | 1h
2025-12-26 20:01:22.537927 | AVAXUSDT | 5m
2025-12-26 20:01:22.931480 | AVAXUSDT | 15m
2025-12-26 20:01:23.352696 | AVAXUSDT | 30m
2025-12-26 20:01:23.745036 | AVAXUSDT | 1h
2025-12-26 20:01:24.142788 | LINKUSDT | 5m
2025-12-26 20:01:24.540128 | LINKUSDT | 15m
2025-12-26 20:01:24.937015 | LINKUSDT | 30m
2025-12-26 20:01:25.341466 | LINKUSDT | 1h
2025-12-26 20:01:25.733397 | OPUSDT | 5m
2025-12-26 20:01:26.188736 | OPUSDT | 15m
2025-12-26 20:01:26.583757 | OPUSDT | 30m
2025-12-26 20:01:26.973581 | OPUSDT | 1h
2025-12-26 20:01:27.379120 | ARBUSDT | 5m
2025-12-26 20:01:27.773714 | ARBUSDT | 15m
2025-12-26 20:01:28.172804 | ARBUSDT | 30m
2025-12-26 20:01:28.565770 | ARBUSDT | 1h
2025-12-26 20:02:11.265137 | BTCUSDT | 5m
2025-12-26 20:02:11.660458 | BTCUSDT | 15m
2025-12-26 20:02:12.063118 | BTCUSDT | 30m
2025-12-26 20:02:12.456745 | BTCUSDT | 1h
2025-12-26 20:02:12.845535 | ETHUSDT | 5m
2025-12-26 20:02:13.254735 | ETHUSDT | 15m
2025-12-26 20:02:13.648444 | ETHUSDT | 30m
2025-12-26 20:02:14.050562 | ETHUSDT | 1h
2025-12-26 20:02:14.447029 | SOLUSDT | 5m
2025-12-26 20:02:14.848762 | SOLUSDT | 15m
2025-12-26 20:02:15.243570 | SOLUSDT | 30m
2025-12-26 20:02:15.650764 | SOLUSDT | 1h
2025-12-26 20:02:16.042745 | BNBUSDT | 5m
2025-12-26 20:02:16.435222 | BNBUSDT | 15m
2025-12-26 20:02:16.821904 | BNBUSDT | 30m
2025-12-26 20:02:17.210648 | BNBUSDT | 1h
2025-12-26 20:02:17.603639 | XRPUSDT | 5m
2025-12-26 20:02:17.997079 | XRPUSDT | 15m
2025-12-26 20:02:18.390362 | XRPUSDT | 30m
2025-12-26 20:02:18.791156 | XRPUSDT | 1h
2025-12-26 20:02:19.183533 | ADAUSDT | 5m
2025-12-26 20:02:19.593099 | ADAUSDT | 15m
2025-12-26 20:02:19.995108 | ADAUSDT | 30m
2025-12-26 20:02:20.402886 | ADAUSDT | 1h
2025-12-26 20:02:20.796861 | AVAXUSDT | 5m
2025-12-26 20:02:21.185654 | AVAXUSDT | 15m
2025-12-26 20:02:21.575046 | AVAXUSDT | 30m
2025-12-26 20:02:21.967096 | AVAXUSDT | 1h
2025-12-26 20:02:22.357788 | LINKUSDT | 5m
2025-12-26 20:02:22.752113 | LINKUSDT | 15m
2025-12-26 20:02:23.156608 | LINKUSDT | 30m
2025-12-26 20:02:23.546167 | LINKUSDT | 1h
2025-12-26 20:02:23.943055 | OPUSDT | 5m
2025-12-26 20:02:24.339687 | OPUSDT | 15m
2025-12-26 20:02:24.729184 | OPUSDT | 30m
2025-12-26 20:02:25.121750 | OPUSDT | 1h
2025-12-26 20:02:25.529967 | ARBUSDT | 5m
2025-12-26 20:02:25.918493 | ARBUSDT | 15m
2025-12-26 20:02:26.319842 | ARBUSDT | 30m
2025-12-26 20:02:26.718248 | ARBUSDT | 1h
2025-12-26 20:06:29.690556 | BTCUSDT | 5m
2025-12-26 20:06:30.081255 | BTCUSDT | 15m
2025-12-26 20:06:30.479244 | BTCUSDT | 30m
2025-12-26 20:06:30.878604 | BTCUSDT | 1h
2025-12-26 20:06:31.275163 | ETHUSDT | 5m
2025-12-26 20:06:31.664632 | ETHUSDT | 15m
2025-12-26 20:06:32.060452 | ETHUSDT | 30m
2025-12-26 20:06:32.453329 | ETHUSDT | 1h
2025-12-26 20:06:32.851799 | SOLUSDT | 5m
2025-12-26 20:06:33.244796 | SOLUSDT | 15m
2025-12-26 20:06:33.661532 | SOLUSDT | 30m
2025-12-26 20:06:34.056632 | SOLUSDT | 1h
2025-12-26 20:06:34.467437 | BNBUSDT | 5m
2025-12-26 20:06:34.857103 | BNBUSDT | 15m
2025-12-26 20:06:35.259619 | BNBUSDT | 30m
2025-12-26 20:06:35.659009 | BNBUSDT | 1h
2025-12-26 20:06:36.053454 | XRPUSDT | 5m
2025-12-26 20:06:36.447935 | XRPUSDT | 15m
2025-12-26 20:06:37.163341 | XRPUSDT | 30m
2025-12-26 20:06:37.876852 | XRPUSDT | 1h
2025-12-26 20:06:38.271823 | ADAUSDT | 5m
2025-12-26 20:06:38.669700 | ADAUSDT | 15m
2025-12-26 20:06:39.063014 | ADAUSDT | 30m
2025-12-26 20:06:39.452257 | ADAUSDT | 1h
2025-12-26 20:06:39.857130 | AVAXUSDT | 5m
2025-12-26 20:06:40.244914 | AVAXUSDT | 15m
2025-12-26 20:06:40.964853 | AVAXUSDT | 30m
2025-12-26 20:06:41.353331 | AVAXUSDT | 1h
2025-12-26 20:06:41.746968 | LINKUSDT | 5m
2025-12-26 20:06:42.135116 | LINKUSDT | 15m
2025-12-26 20:06:42.539984 | LINKUSDT | 30m
2025-12-26 20:06:42.930531 | LINKUSDT | 1h
2025-12-26 20:06:43.337446 | OPUSDT | 5m
2025-12-26 20:06:43.739947 | OPUSDT | 15m
2025-12-26 20:06:44.134920 | OPUSDT | 30m
2025-12-26 20:06:44.526127 | OPUSDT | 1h
2025-12-26 20:06:44.926093 | ARBUSDT | 5m
2025-12-26 20:06:45.323619 | ARBUSDT | 15m
2025-12-26 20:06:45.717284 | ARBUSDT | 30m
2025-12-26 20:06:46.106217 | ARBUSDT | 1h
2025-12-26 20:07:27.860576 | BTCUSDT | 5m
2025-12-26 20:07:28.262767 | BTCUSDT | 15m
2025-12-26 20:07:28.661773 | BTCUSDT | 30m
2025-12-26 20:07:29.056054 | BTCUSDT | 1h
2025-12-26 20:07:29.452907 | ETHUSDT | 5m
2025-12-26 20:07:29.912707 | ETHUSDT | 15m
2025-12-26 20:07:30.306765 | ETHUSDT | 30m
2025-12-26 20:07:30.705526 | ETHUSDT | 1h
2025-12-26 20:07:31.095964 | SOLUSDT | 5m
2025-12-26 20:07:31.482989 | SOLUSDT | 15m
2025-12-26 20:07:31.871464 | SOLUSDT | 30m
2025-12-26 20:07:32.266413 | SOLUSDT | 1h
2025-12-26 20:07:32.665466 | BNBUSDT | 5m
2025-12-26 20:07:33.057850 | BNBUSDT | 15m
2025-12-26 20:07:33.448227 | BNBUSDT | 30m
2025-12-26 20:07:33.832220 | BNBUSDT | 1h
2025-12-26 20:07:34.243761 | XRPUSDT | 5m
2025-12-26 20:07:34.637060 | XRPUSDT | 15m
2025-12-26 20:07:35.036261 | XRPUSDT | 30m
2025-12-26 20:07:35.445086 | XRPUSDT | 1h
2025-12-26 20:07:35.849075 | ADAUSDT | 5m
2025-12-26 20:07:36.242066 | ADAUSDT | 15m
2025-12-26 20:07:36.650070 | ADAUSDT | 30m
2025-12-26 20:07:37.037996 | ADAUSDT | 1h
2025-12-26 20:07:37.440189 | AVAXUSDT | 5m
2025-12-26 20:07:37.827917 | AVAXUSDT | 15m
2025-12-26 20:07:38.226801 | AVAXUSDT | 30m
2025-12-26 20:07:38.614715 | AVAXUSDT | 1h
2025-12-26 20:07:39.009961 | LINKUSDT | 5m
2025-12-26 20:07:39.404357 | LINKUSDT | 15m
2025-12-26 20:07:39.804199 | LINKUSDT | 30m
2025-12-26 20:07:40.196513 | LINKUSDT | 1h
2025-12-26 20:07:40.585980 | OPUSDT | 5m
2025-12-26 20:07:40.975194 | OPUSDT | 15m
2025-12-26 20:07:41.363445 | OPUSDT | 30m
2025-12-26 20:07:41.766964 | OPUSDT | 1h
2025-12-26 20:07:42.170094 | ARBUSDT | 5m
2025-12-26 20:07:42.559169 | ARBUSDT | 15m
2025-12-26 20:07:42.953865 | ARBUSDT | 30m
2025-12-26 20:07:43.348563 | ARBUSDT | 1h
2025-12-26 20:11:47.181216 | BTCUSDT | 5m
2025-12-26 20:11:47.567834 | BTCUSDT | 15m
2025-12-26 20:11:47.961974 | BTCUSDT | 30m
2025-12-26 20:11:48.354121 | BTCUSDT | 1h
2025-12-26 20:11:48.748787 | ETHUSDT | 5m
2025-12-26 20:11:49.136085 | ETHUSDT | 15m
2025-12-26 20:11:49.527689 | ETHUSDT | 30m
2025-12-26 20:11:49.910108 | ETHUSDT | 1h
2025-12-26 20:11:50.298547 | SOLUSDT | 5m
2025-12-26 20:11:50.683340 | SOLUSDT | 15m
2025-12-26 20:11:51.081996 | SOLUSDT | 30m
2025-12-26 20:11:51.482702 | SOLUSDT | 1h
2025-12-26 20:11:51.874542 | BNBUSDT | 5m
2025-12-26 20:11:52.290534 | BNBUSDT | 15m
2025-12-26 20:11:52.686848 | BNBUSDT | 30m
2025-12-26 20:11:53.072525 | BNBUSDT | 1h
2025-12-26 20:11:53.458199 | XRPUSDT | 5m
2025-12-26 20:11:53.852445 | XRPUSDT | 15m
2025-12-26 20:11:54.243625 | XRPUSDT | 30m
2025-12-26 20:11:54.633322 | XRPUSDT | 1h
2025-12-26 20:11:55.032816 | ADAUSDT | 5m
2025-12-26 20:11:55.421828 | ADAUSDT | 15m
2025-12-26 20:11:55.820840 | ADAUSDT | 30m
2025-12-26 20:11:56.216041 | ADAUSDT | 1h
2025-12-26 20:11:56.610151 | AVAXUSDT | 5m
2025-12-26 20:11:57.004859 | AVAXUSDT | 15m
2025-12-26 20:11:57.396850 | AVAXUSDT | 30m
2025-12-26 20:11:57.789272 | AVAXUSDT | 1h
2025-12-26 20:11:58.181263 | LINKUSDT | 5m
2025-12-26 20:11:58.581602 | LINKUSDT | 15m
2025-12-26 20:11:58.970459 | LINKUSDT | 30m
2025-12-26 20:11:59.380586 | LINKUSDT | 1h
2025-12-26 20:11:59.769635 | OPUSDT | 5m
2025-12-26 20:12:00.164962 | OPUSDT | 15m
2025-12-26 20:12:00.559423 | OPUSDT | 30m
2025-12-26 20:12:00.953889 | OPUSDT | 1h
2025-12-26 20:12:01.347702 | ARBUSDT | 5m
2025-12-26 20:12:01.734892 | ARBUSDT | 15m
2025-12-26 20:12:02.126065 | ARBUSDT | 30m
2025-12-26 20:12:02.520766 | ARBUSDT | 1h
2025-12-26 20:12:44.335482 | BTCUSDT | 5m
2025-12-26 20:12:44.734585 | BTCUSDT | 15m
2025-12-26 20:12:45.129280 | BTCUSDT | 30m
2025-12-26 20:12:45.522940 | BTCUSDT | 1h
2025-12-26 20:12:45.922457 | ETHUSDT | 5m
2025-12-26 20:12:46.314585 | ETHUSDT | 15m
2025-12-26 20:12:46.712630 | ETHUSDT | 30m
2025-12-26 20:12:47.121463 | ETHUSDT | 1h
2025-12-26 20:12:47.573349 | SOLUSDT | 5m
2025-12-26 20:12:47.975197 | SOLUSDT | 15m
2025-12-26 20:12:48.366218 | SOLUSDT | 30m
2025-12-26 20:12:48.770508 | SOLUSDT | 1h
2025-12-26 20:12:49.165883 | BNBUSDT | 5m
2025-12-26 20:12:49.555062 | BNBUSDT | 15m
2025-12-26 20:12:49.949674 | BNBUSDT | 30m
2025-12-26 20:12:50.353391 | BNBUSDT | 1h
2025-12-26 20:12:50.738354 | XRPUSDT | 5m
2025-12-26 20:12:51.127639 | XRPUSDT | 15m
2025-12-26 20:12:51.520915 | XRPUSDT | 30m
2025-12-26 20:12:51.914224 | XRPUSDT | 1h
2025-12-26 20:12:52.311740 | ADAUSDT | 5m
2025-12-26 20:12:52.704544 | ADAUSDT | 15m
2025-12-26 20:12:53.091664 | ADAUSDT | 30m
2025-12-26 20:12:53.488718 | ADAUSDT | 1h
2025-12-26 20:12:53.884882 | AVAXUSDT | 5m
2025-12-26 20:12:54.277647 | AVAXUSDT | 15m
2025-12-26 20:12:54.696895 | AVAXUSDT | 30m
2025-12-26 20:12:55.102793 | AVAXUSDT | 1h
2025-12-26 20:12:55.489544 | LINKUSDT | 5m
2025-12-26 20:12:55.879236 | LINKUSDT | 15m
2025-12-26 20:12:56.266861 | LINKUSDT | 30m
2025-12-26 20:12:56.655201 | LINKUSDT | 1h
2025-12-26 20:12:57.056054 | OPUSDT | 5m
2025-12-26 20:12:57.460479 | OPUSDT | 15m
2025-12-26 20:12:57.853750 | OPUSDT | 30m
2025-12-26 20:12:58.249417 | OPUSDT | 1h
2025-12-26 20:12:58.640363 | ARBUSDT | 5m
2025-12-26 20:12:59.030764 | ARBUSDT | 15m
2025-12-26 20:12:59.423416 | ARBUSDT | 30m
2025-12-26 20:12:59.815961 | ARBUSDT | 1h
2025-12-26 20:17:03.718679 | BTCUSDT | 5m
2025-12-26 20:17:04.115347 | BTCUSDT | 15m
2025-12-26 20:17:04.504001 | BTCUSDT | 30m
2025-12-26 20:17:04.899436 | BTCUSDT | 1h
2025-12-26 20:17:05.295889 | ETHUSDT | 5m
2025-12-26 20:17:05.718640 | ETHUSDT | 15m
2025-12-26 20:17:06.107886 | ETHUSDT | 30m
2025-12-26 20:17:06.500956 | ETHUSDT | 1h
2025-12-26 20:17:06.895377 | SOLUSDT | 5m
2025-12-26 20:17:07.286990 | SOLUSDT | 15m
2025-12-26 20:17:07.682745 | SOLUSDT | 30m
2025-12-26 20:17:08.079163 | SOLUSDT | 1h
2025-12-26 20:17:08.487436 | BNBUSDT | 5m
2025-12-26 20:17:08.881613 | BNBUSDT | 15m
2025-12-26 20:17:09.285141 | BNBUSDT | 30m
2025-12-26 20:17:09.675909 | BNBUSDT | 1h
2025-12-26 20:17:10.076878 | XRPUSDT | 5m
2025-12-26 20:17:10.473282 | XRPUSDT | 15m
2025-12-26 20:17:10.880349 | XRPUSDT | 30m
2025-12-26 20:17:11.272113 | XRPUSDT | 1h
2025-12-26 20:17:11.672179 | ADAUSDT | 5m
2025-12-26 20:17:12.062325 | ADAUSDT | 15m
2025-12-26 20:17:12.448116 | ADAUSDT | 30m
2025-12-26 20:17:12.854604 | ADAUSDT | 1h
2025-12-26 20:17:13.251076 | AVAXUSDT | 5m
2025-12-26 20:17:13.643964 | AVAXUSDT | 15m
2025-12-26 20:17:14.035059 | AVAXUSDT | 30m
2025-12-26 20:17:14.424815 | AVAXUSDT | 1h
2025-12-26 20:17:14.811107 | LINKUSDT | 5m
2025-12-26 20:17:15.218030 | LINKUSDT | 15m
2025-12-26 20:17:15.612703 | LINKUSDT | 30m
2025-12-26 20:17:16.000859 | LINKUSDT | 1h
2025-12-26 20:17:16.710966 | OPUSDT | 5m
2025-12-26 20:17:17.100330 | OPUSDT | 15m
2025-12-26 20:17:17.489851 | OPUSDT | 30m
2025-12-26 20:17:17.888189 | OPUSDT | 1h
2025-12-26 20:17:18.291128 | ARBUSDT | 5m
2025-12-26 20:17:18.688881 | ARBUSDT | 15m
2025-12-26 20:17:19.083066 | ARBUSDT | 30m
2025-12-26 20:17:19.472987 | ARBUSDT | 1h
2025-12-26 20:18:01.012676 | BTCUSDT | 5m
2025-12-26 20:18:01.454618 | BTCUSDT | 15m
2025-12-26 20:18:01.857140 | BTCUSDT | 30m
2025-12-26 20:18:02.262486 | BTCUSDT | 1h
2025-12-26 20:18:02.669348 | ETHUSDT | 5m
2025-12-26 20:18:03.062495 | ETHUSDT | 15m
2025-12-26 20:18:03.455043 | ETHUSDT | 30m
2025-12-26 20:18:03.900005 | ETHUSDT | 1h
2025-12-26 20:18:04.292855 | SOLUSDT | 5m
2025-12-26 20:18:04.694102 | SOLUSDT | 15m
2025-12-26 20:18:05.083838 | SOLUSDT | 30m
2025-12-26 20:18:05.496352 | SOLUSDT | 1h
2025-12-26 20:18:05.889777 | BNBUSDT | 5m
2025-12-26 20:18:06.285234 | BNBUSDT | 15m
2025-12-26 20:18:06.681089 | BNBUSDT | 30m
2025-12-26 20:18:07.085060 | BNBUSDT | 1h
2025-12-26 20:18:07.498704 | XRPUSDT | 5m
2025-12-26 20:18:07.898511 | XRPUSDT | 15m
2025-12-26 20:18:08.303195 | XRPUSDT | 30m
2025-12-26 20:18:08.689602 | XRPUSDT | 1h
2025-12-26 20:18:09.086382 | ADAUSDT | 5m
2025-12-26 20:18:09.483854 | ADAUSDT | 15m
2025-12-26 20:18:09.871007 | ADAUSDT | 30m
2025-12-26 20:18:10.262486 | ADAUSDT | 1h
2025-12-26 20:18:10.660972 | AVAXUSDT | 5m
2025-12-26 20:18:11.053627 | AVAXUSDT | 15m
2025-12-26 20:18:11.468153 | AVAXUSDT | 30m
2025-12-26 20:18:11.865824 | AVAXUSDT | 1h
2025-12-26 20:18:12.264518 | LINKUSDT | 5m
2025-12-26 20:18:12.670746 | LINKUSDT | 15m
2025-12-26 20:18:13.062839 | LINKUSDT | 30m
2025-12-26 20:18:13.456193 | LINKUSDT | 1h
2025-12-26 20:18:13.854359 | OPUSDT | 5m
2025-12-26 20:18:14.245503 | OPUSDT | 15m
2025-12-26 20:18:14.660224 | OPUSDT | 30m
2025-12-26 20:18:15.050449 | OPUSDT | 1h
2025-12-26 20:18:15.444107 | ARBUSDT | 5m
2025-12-26 20:18:15.836759 | ARBUSDT | 15m
2025-12-26 20:18:16.229470 | ARBUSDT | 30m
2025-12-26 20:18:16.630676 | ARBUSDT | 1h
2025-12-26 20:22:20.771089 | BTCUSDT | 5m
2025-12-26 20:22:21.181531 | BTCUSDT | 15m
2025-12-26 20:22:21.586380 | BTCUSDT | 30m
2025-12-26 20:22:21.978119 | BTCUSDT | 1h
2025-12-26 20:22:22.379668 | ETHUSDT | 5m
2025-12-26 20:22:22.785913 | ETHUSDT | 15m
2025-12-26 20:22:23.184656 | ETHUSDT | 30m
2025-12-26 20:22:23.577036 | ETHUSDT | 1h
2025-12-26 20:22:23.973565 | SOLUSDT | 5m
2025-12-26 20:22:24.359236 | SOLUSDT | 15m
2025-12-26 20:22:24.745352 | SOLUSDT | 30m
2025-12-26 20:22:25.140838 | SOLUSDT | 1h
2025-12-26 20:22:25.529194 | BNBUSDT | 5m
2025-12-26 20:22:25.917853 | BNBUSDT | 15m
2025-12-26 20:22:26.317122 | BNBUSDT | 30m
2025-12-26 20:22:26.708228 | BNBUSDT | 1h
2025-12-26 20:22:27.108007 | XRPUSDT | 5m
2025-12-26 20:22:27.504979 | XRPUSDT | 15m
2025-12-26 20:22:27.912728 | XRPUSDT | 30m
2025-12-26 20:22:28.302455 | XRPUSDT | 1h
2025-12-26 20:22:28.700261 | ADAUSDT | 5m
2025-12-26 20:22:29.086720 | ADAUSDT | 15m
2025-12-26 20:22:29.481821 | ADAUSDT | 30m
2025-12-26 20:22:29.870251 | ADAUSDT | 1h
2025-12-26 20:22:30.268475 | AVAXUSDT | 5m
2025-12-26 20:22:30.664968 | AVAXUSDT | 15m
2025-12-26 20:22:31.061401 | AVAXUSDT | 30m
2025-12-26 20:22:31.456206 | AVAXUSDT | 1h
2025-12-26 20:22:31.914585 | LINKUSDT | 5m
2025-12-26 20:22:32.311631 | LINKUSDT | 15m
2025-12-26 20:22:32.708525 | LINKUSDT | 30m
2025-12-26 20:22:33.101322 | LINKUSDT | 1h
2025-12-26 20:22:33.493666 | OPUSDT | 5m
2025-12-26 20:22:33.887864 | OPUSDT | 15m
2025-12-26 20:22:34.279630 | OPUSDT | 30m
2025-12-26 20:22:34.666781 | OPUSDT | 1h
2025-12-26 20:22:35.068703 | ARBUSDT | 5m
2025-12-26 20:22:35.466594 | ARBUSDT | 15m
2025-12-26 20:22:35.859073 | ARBUSDT | 30m
2025-12-26 20:22:36.253347 | ARBUSDT | 1h
2025-12-26 20:23:17.730788 | BTCUSDT | 5m
2025-12-26 20:23:18.122072 | BTCUSDT | 15m
2025-12-26 20:23:18.525154 | BTCUSDT | 30m
2025-12-26 20:23:18.915002 | BTCUSDT | 1h
2025-12-26 20:23:19.311686 | ETHUSDT | 5m
2025-12-26 20:23:19.706128 | ETHUSDT | 15m
2025-12-26 20:23:20.093693 | ETHUSDT | 30m
2025-12-26 20:23:20.485504 | ETHUSDT | 1h
2025-12-26 20:23:20.943656 | SOLUSDT | 5m
2025-12-26 20:23:21.332505 | SOLUSDT | 15m
2025-12-26 20:23:21.719753 | SOLUSDT | 30m
2025-12-26 20:23:22.108646 | SOLUSDT | 1h
2025-12-26 20:23:22.497510 | BNBUSDT | 5m
2025-12-26 20:23:22.974326 | BNBUSDT | 15m
2025-12-26 20:23:23.379817 | BNBUSDT | 30m
2025-12-26 20:23:23.768990 | BNBUSDT | 1h
2025-12-26 20:23:24.159071 | XRPUSDT | 5m
2025-12-26 20:23:24.551764 | XRPUSDT | 15m
2025-12-26 20:23:24.938851 | XRPUSDT | 30m
2025-12-26 20:23:25.331078 | XRPUSDT | 1h
2025-12-26 20:23:25.726141 | ADAUSDT | 5m
2025-12-26 20:23:26.124604 | ADAUSDT | 15m
2025-12-26 20:23:26.511718 | ADAUSDT | 30m
2025-12-26 20:23:26.900427 | ADAUSDT | 1h
2025-12-26 20:23:27.292185 | AVAXUSDT | 5m
2025-12-26 20:23:27.678403 | AVAXUSDT | 15m
2025-12-26 20:23:28.067789 | AVAXUSDT | 30m
2025-12-26 20:23:28.459836 | AVAXUSDT | 1h
2025-12-26 20:23:28.847223 | LINKUSDT | 5m
2025-12-26 20:23:29.242815 | LINKUSDT | 15m
2025-12-26 20:23:29.631676 | LINKUSDT | 30m
2025-12-26 20:23:30.037390 | LINKUSDT | 1h
2025-12-26 20:23:30.435602 | OPUSDT | 5m
2025-12-26 20:23:30.822813 | OPUSDT | 15m
2025-12-26 20:23:31.208766 | OPUSDT | 30m
2025-12-26 20:23:31.609575 | OPUSDT | 1h
2025-12-26 20:23:32.005595 | ARBUSDT | 5m
2025-12-26 20:23:32.395463 | ARBUSDT | 15m
2025-12-26 20:23:32.792157 | ARBUSDT | 30m
2025-12-26 20:23:33.184522 | ARBUSDT | 1h
2025-12-26 20:27:37.350662 | BTCUSDT | 5m
2025-12-26 20:27:37.763764 | BTCUSDT | 15m
2025-12-26 20:27:38.175834 | BTCUSDT | 30m
2025-12-26 20:27:38.589692 | BTCUSDT | 1h
2025-12-26 20:27:39.025566 | ETHUSDT | 5m
2025-12-26 20:27:39.455573 | ETHUSDT | 15m
2025-12-26 20:27:39.868731 | ETHUSDT | 30m
2025-12-26 20:27:40.281171 | ETHUSDT | 1h
2025-12-26 20:27:40.709207 | SOLUSDT | 5m
2025-12-26 20:27:41.132809 | SOLUSDT | 15m
2025-12-26 20:27:41.542499 | SOLUSDT | 30m
2025-12-26 20:27:41.951902 | SOLUSDT | 1h
2025-12-26 20:27:42.363317 | BNBUSDT | 5m
2025-12-26 20:27:42.772142 | BNBUSDT | 15m
2025-12-26 20:27:43.195180 | BNBUSDT | 30m
2025-12-26 20:27:43.608137 | BNBUSDT | 1h
2025-12-26 20:27:44.018600 | XRPUSDT | 5m
2025-12-26 20:27:44.435424 | XRPUSDT | 15m
2025-12-26 20:27:44.854628 | XRPUSDT | 30m
2025-12-26 20:27:45.274123 | XRPUSDT | 1h
2025-12-26 20:27:45.686443 | ADAUSDT | 5m
2025-12-26 20:27:46.100936 | ADAUSDT | 15m
2025-12-26 20:27:46.513339 | ADAUSDT | 30m
2025-12-26 20:27:46.923167 | ADAUSDT | 1h
2025-12-26 20:27:47.341517 | AVAXUSDT | 5m
2025-12-26 20:27:47.763348 | AVAXUSDT | 15m
2025-12-26 20:27:48.187402 | AVAXUSDT | 30m
2025-12-26 20:27:48.599329 | AVAXUSDT | 1h
2025-12-26 20:27:49.020685 | LINKUSDT | 5m
2025-12-26 20:27:49.450522 | LINKUSDT | 15m
2025-12-26 20:27:49.867243 | LINKUSDT | 30m
2025-12-26 20:27:50.300402 | LINKUSDT | 1h
2025-12-26 20:27:50.737054 | OPUSDT | 5m
2025-12-26 20:27:51.157008 | OPUSDT | 15m
2025-12-26 20:27:51.576396 | OPUSDT | 30m
2025-12-26 20:27:51.985445 | OPUSDT | 1h
2025-12-26 20:27:52.417281 | ARBUSDT | 5m
2025-12-26 20:27:52.825207 | ARBUSDT | 15m
2025-12-26 20:27:53.245897 | ARBUSDT | 30m
2025-12-26 20:27:53.667255 | ARBUSDT | 1h
2025-12-26 20:28:34.254043 | BTCUSDT | 5m
2025-12-26 20:28:34.684916 | BTCUSDT | 15m
2025-12-26 20:28:35.099856 | BTCUSDT | 30m
2025-12-26 20:28:35.520654 | BTCUSDT | 1h
2025-12-26 20:28:35.937205 | ETHUSDT | 5m
2025-12-26 20:28:36.347675 | ETHUSDT | 15m
2025-12-26 20:28:36.768733 | ETHUSDT | 30m
2025-12-26 20:28:37.185233 | ETHUSDT | 1h
2025-12-26 20:28:37.618895 | SOLUSDT | 5m
2025-12-26 20:28:38.011054 | SOLUSDT | 15m
2025-12-26 20:28:38.411443 | SOLUSDT | 30m
2025-12-26 20:28:38.810627 | SOLUSDT | 1h
2025-12-26 20:28:39.204845 | BNBUSDT | 5m
2025-12-26 20:28:39.598537 | BNBUSDT | 15m
2025-12-26 20:28:39.991996 | BNBUSDT | 30m
2025-12-26 20:28:40.386027 | BNBUSDT | 1h
2025-12-26 20:28:40.786894 | XRPUSDT | 5m
2025-12-26 20:28:41.178478 | XRPUSDT | 15m
2025-12-26 20:28:41.578463 | XRPUSDT | 30m
2025-12-26 20:28:41.965589 | XRPUSDT | 1h
2025-12-26 20:28:42.360520 | ADAUSDT | 5m
2025-12-26 20:28:42.748104 | ADAUSDT | 15m
2025-12-26 20:28:43.136065 | ADAUSDT | 30m
2025-12-26 20:28:43.541421 | ADAUSDT | 1h
2025-12-26 20:28:43.934561 | AVAXUSDT | 5m
2025-12-26 20:28:44.326851 | AVAXUSDT | 15m
2025-12-26 20:28:44.720569 | AVAXUSDT | 30m
2025-12-26 20:28:45.108676 | AVAXUSDT | 1h
2025-12-26 20:28:45.516818 | LINKUSDT | 5m
2025-12-26 20:28:45.907380 | LINKUSDT | 15m
2025-12-26 20:28:46.308982 | LINKUSDT | 30m
2025-12-26 20:28:46.698851 | LINKUSDT | 1h
2025-12-26 20:28:47.086809 | OPUSDT | 5m
2025-12-26 20:28:47.481564 | OPUSDT | 15m
2025-12-26 20:28:47.879071 | OPUSDT | 30m
2025-12-26 20:28:48.267612 | OPUSDT | 1h
2025-12-26 20:28:48.658580 | ARBUSDT | 5m
2025-12-26 20:28:49.047890 | ARBUSDT | 15m
2025-12-26 20:28:49.437795 | ARBUSDT | 30m
2025-12-26 20:28:49.831222 | ARBUSDT | 1h
2025-12-26 20:32:54.857834 | BTCUSDT | 5m
2025-12-26 20:32:55.293412 | BTCUSDT | 15m
2025-12-26 20:32:55.690550 | BTCUSDT | 30m
2025-12-26 20:32:56.078971 | BTCUSDT | 1h
2025-12-26 20:32:56.470186 | ETHUSDT | 5m
2025-12-26 20:32:56.871159 | ETHUSDT | 15m
2025-12-26 20:32:57.263876 | ETHUSDT | 30m
2025-12-26 20:32:57.655747 | ETHUSDT | 1h
2025-12-26 20:32:58.042090 | SOLUSDT | 5m
2025-12-26 20:32:58.431447 | SOLUSDT | 15m
2025-12-26 20:32:58.834362 | SOLUSDT | 30m
2025-12-26 20:32:59.230967 | SOLUSDT | 1h
2025-12-26 20:32:59.621573 | BNBUSDT | 5m
2025-12-26 20:33:00.012140 | BNBUSDT | 15m
2025-12-26 20:33:00.469656 | BNBUSDT | 30m
2025-12-26 20:33:00.862852 | BNBUSDT | 1h
2025-12-26 20:33:01.256868 | XRPUSDT | 5m
2025-12-26 20:33:01.643557 | XRPUSDT | 15m
2025-12-26 20:33:02.032894 | XRPUSDT | 30m
2025-12-26 20:33:02.428502 | XRPUSDT | 1h
2025-12-26 20:33:02.819172 | ADAUSDT | 5m
2025-12-26 20:33:03.211069 | ADAUSDT | 15m
2025-12-26 20:33:03.610380 | ADAUSDT | 30m
2025-12-26 20:33:04.007604 | ADAUSDT | 1h
2025-12-26 20:33:04.393949 | AVAXUSDT | 5m
2025-12-26 20:33:04.783774 | AVAXUSDT | 15m
2025-12-26 20:33:05.180737 | AVAXUSDT | 30m
2025-12-26 20:33:05.571559 | AVAXUSDT | 1h
2025-12-26 20:33:05.962475 | LINKUSDT | 5m
2025-12-26 20:33:06.353449 | LINKUSDT | 15m
2025-12-26 20:33:06.757052 | LINKUSDT | 30m
2025-12-26 20:33:07.160361 | LINKUSDT | 1h
2025-12-26 20:33:07.565823 | OPUSDT | 5m
2025-12-26 20:33:07.966873 | OPUSDT | 15m
2025-12-26 20:33:08.388336 | OPUSDT | 30m
2025-12-26 20:33:08.775027 | OPUSDT | 1h
2025-12-26 20:33:09.166290 | ARBUSDT | 5m
2025-12-26 20:33:09.559919 | ARBUSDT | 15m
2025-12-26 20:33:09.950635 | ARBUSDT | 30m
2025-12-26 20:33:10.352505 | ARBUSDT | 1h
2025-12-26 20:33:50.873751 | BTCUSDT | 5m
2025-12-26 20:33:51.276539 | BTCUSDT | 15m
2025-12-26 20:33:51.667068 | BTCUSDT | 30m
2025-12-26 20:33:52.060864 | BTCUSDT | 1h
2025-12-26 20:33:52.460153 | ETHUSDT | 5m
2025-12-26 20:33:52.860267 | ETHUSDT | 15m
2025-12-26 20:33:53.253378 | ETHUSDT | 30m
2025-12-26 20:33:53.646657 | ETHUSDT | 1h
2025-12-26 20:33:54.051600 | SOLUSDT | 5m
2025-12-26 20:33:54.447151 | SOLUSDT | 15m
2025-12-26 20:33:54.894271 | SOLUSDT | 30m
2025-12-26 20:33:55.286921 | SOLUSDT | 1h
2025-12-26 20:33:55.671140 | BNBUSDT | 5m
2025-12-26 20:33:56.061884 | BNBUSDT | 15m
2025-12-26 20:33:56.465487 | BNBUSDT | 30m
2025-12-26 20:33:56.861597 | BNBUSDT | 1h
2025-12-26 20:33:57.261236 | XRPUSDT | 5m
2025-12-26 20:33:57.683141 | XRPUSDT | 15m
2025-12-26 20:33:58.073150 | XRPUSDT | 30m
2025-12-26 20:33:58.467954 | XRPUSDT | 1h
2025-12-26 20:33:58.857811 | ADAUSDT | 5m
2025-12-26 20:33:59.243578 | ADAUSDT | 15m
2025-12-26 20:33:59.630965 | ADAUSDT | 30m
2025-12-26 20:34:00.033523 | ADAUSDT | 1h
2025-12-26 20:34:00.429955 | AVAXUSDT | 5m
2025-12-26 20:34:00.819908 | AVAXUSDT | 15m
2025-12-26 20:34:01.218983 | AVAXUSDT | 30m
2025-12-26 20:34:01.611461 | AVAXUSDT | 1h
2025-12-26 20:34:02.010438 | LINKUSDT | 5m
2025-12-26 20:34:02.403514 | LINKUSDT | 15m
2025-12-26 20:34:02.798666 | LINKUSDT | 30m
2025-12-26 20:34:03.186943 | LINKUSDT | 1h
2025-12-26 20:34:03.578771 | OPUSDT | 5m
2025-12-26 20:34:03.965777 | OPUSDT | 15m
2025-12-26 20:34:04.354946 | OPUSDT | 30m
2025-12-26 20:34:04.751992 | OPUSDT | 1h
2025-12-26 20:34:05.138981 | ARBUSDT | 5m
2025-12-26 20:34:05.565837 | ARBUSDT | 15m
2025-12-26 20:34:05.964370 | ARBUSDT | 30m
2025-12-26 20:34:06.355918 | ARBUSDT | 1h
2025-12-26 20:38:11.775748 | BTCUSDT | 5m
2025-12-26 20:38:12.168415 | BTCUSDT | 15m
2025-12-26 20:38:12.561885 | BTCUSDT | 30m
2025-12-26 20:38:12.968829 | BTCUSDT | 1h
2025-12-26 20:38:13.362861 | ETHUSDT | 5m
2025-12-26 20:38:13.765358 | ETHUSDT | 15m
2025-12-26 20:38:14.163111 | ETHUSDT | 30m
2025-12-26 20:38:14.555582 | ETHUSDT | 1h
2025-12-26 20:38:14.945699 | SOLUSDT | 5m
2025-12-26 20:38:15.335654 | SOLUSDT | 15m
2025-12-26 20:38:15.725509 | SOLUSDT | 30m
2025-12-26 20:38:16.118053 | SOLUSDT | 1h
2025-12-26 20:38:16.512790 | BNBUSDT | 5m
2025-12-26 20:38:16.903143 | BNBUSDT | 15m
2025-12-26 20:38:17.304992 | BNBUSDT | 30m
2025-12-26 20:38:17.710552 | BNBUSDT | 1h
2025-12-26 20:38:18.107399 | XRPUSDT | 5m
2025-12-26 20:38:18.510839 | XRPUSDT | 15m
2025-12-26 20:38:18.896144 | XRPUSDT | 30m
2025-12-26 20:38:19.287128 | XRPUSDT | 1h
2025-12-26 20:38:19.692703 | ADAUSDT | 5m
2025-12-26 20:38:20.082936 | ADAUSDT | 15m
2025-12-26 20:38:20.479065 | ADAUSDT | 30m
2025-12-26 20:38:20.865423 | ADAUSDT | 1h
2025-12-26 20:38:21.259553 | AVAXUSDT | 5m
2025-12-26 20:38:21.650147 | AVAXUSDT | 15m
2025-12-26 20:38:22.078421 | AVAXUSDT | 30m
2025-12-26 20:38:22.469315 | AVAXUSDT | 1h
2025-12-26 20:38:22.868596 | LINKUSDT | 5m
2025-12-26 20:38:23.296388 | LINKUSDT | 15m
2025-12-26 20:38:23.686079 | LINKUSDT | 30m
2025-12-26 20:38:24.095922 | LINKUSDT | 1h
2025-12-26 20:38:24.487166 | OPUSDT | 5m
2025-12-26 20:38:24.885204 | OPUSDT | 15m
2025-12-26 20:38:25.294799 | OPUSDT | 30m
2025-12-26 20:38:25.685697 | OPUSDT | 1h
2025-12-26 20:38:26.088095 | ARBUSDT | 5m
2025-12-26 20:38:26.478820 | ARBUSDT | 15m
2025-12-26 20:38:26.874572 | ARBUSDT | 30m
2025-12-26 20:38:27.266201 | ARBUSDT | 1h
2025-12-26 20:39:07.571738 | BTCUSDT | 5m
2025-12-26 20:39:07.969187 | BTCUSDT | 15m
2025-12-26 20:39:08.379752 | BTCUSDT | 30m
2025-12-26 20:39:08.770443 | BTCUSDT | 1h
2025-12-26 20:39:09.159601 | ETHUSDT | 5m
2025-12-26 20:39:09.554229 | ETHUSDT | 15m
2025-12-26 20:39:09.951616 | ETHUSDT | 30m
2025-12-26 20:39:10.348183 | ETHUSDT | 1h
2025-12-26 20:39:10.738449 | SOLUSDT | 5m
2025-12-26 20:39:11.131121 | SOLUSDT | 15m
2025-12-26 20:39:11.523969 | SOLUSDT | 30m
2025-12-26 20:39:11.913118 | SOLUSDT | 1h
2025-12-26 20:39:12.362618 | BNBUSDT | 5m
2025-12-26 20:39:12.754763 | BNBUSDT | 15m
2025-12-26 20:39:13.162666 | BNBUSDT | 30m
2025-12-26 20:39:13.557034 | BNBUSDT | 1h
2025-12-26 20:39:13.955376 | XRPUSDT | 5m
2025-12-26 20:39:14.350717 | XRPUSDT | 15m
2025-12-26 20:39:14.746266 | XRPUSDT | 30m
2025-12-26 20:39:15.140286 | XRPUSDT | 1h
2025-12-26 20:39:15.531807 | ADAUSDT | 5m
2025-12-26 20:39:15.922831 | ADAUSDT | 15m
2025-12-26 20:39:16.316900 | ADAUSDT | 30m
2025-12-26 20:39:17.036400 | ADAUSDT | 1h
2025-12-26 20:39:17.430577 | AVAXUSDT | 5m
2025-12-26 20:39:17.840760 | AVAXUSDT | 15m
2025-12-26 20:39:18.233605 | AVAXUSDT | 30m
2025-12-26 20:39:18.626698 | AVAXUSDT | 1h
2025-12-26 20:39:19.033696 | LINKUSDT | 5m
2025-12-26 20:39:19.426471 | LINKUSDT | 15m
2025-12-26 20:39:19.817468 | LINKUSDT | 30m
2025-12-26 20:39:20.207432 | LINKUSDT | 1h
2025-12-26 20:39:20.602795 | OPUSDT | 5m
2025-12-26 20:39:21.013779 | OPUSDT | 15m
2025-12-26 20:39:21.405857 | OPUSDT | 30m
2025-12-26 20:39:21.803285 | OPUSDT | 1h
2025-12-26 20:39:22.194905 | ARBUSDT | 5m
2025-12-26 20:39:22.597913 | ARBUSDT | 15m
2025-12-26 20:39:22.991630 | ARBUSDT | 30m
2025-12-26 20:39:23.387535 | ARBUSDT | 1h
2025-12-26 20:43:28.409377 | BTCUSDT | 5m
2025-12-26 20:43:28.798913 | BTCUSDT | 15m
2025-12-26 20:43:29.196867 | BTCUSDT | 30m
2025-12-26 20:43:29.587362 | BTCUSDT | 1h
2025-12-26 20:43:29.974100 | ETHUSDT | 5m
2025-12-26 20:43:30.367421 | ETHUSDT | 15m
2025-12-26 20:43:30.764990 | ETHUSDT | 30m
2025-12-26 20:43:31.159230 | ETHUSDT | 1h
2025-12-26 20:43:31.570237 | SOLUSDT | 5m
2025-12-26 20:43:31.961668 | SOLUSDT | 15m
2025-12-26 20:43:32.354956 | SOLUSDT | 30m
2025-12-26 20:43:32.752001 | SOLUSDT | 1h
2025-12-26 20:43:33.169964 | BNBUSDT | 5m
2025-12-26 20:43:33.562027 | BNBUSDT | 15m
2025-12-26 20:43:34.287372 | BNBUSDT | 30m
2025-12-26 20:43:34.678821 | BNBUSDT | 1h
2025-12-26 20:43:35.075181 | XRPUSDT | 5m
2025-12-26 20:43:35.473812 | XRPUSDT | 15m
2025-12-26 20:43:35.873322 | XRPUSDT | 30m
2025-12-26 20:43:36.257693 | XRPUSDT | 1h
2025-12-26 20:43:36.647143 | ADAUSDT | 5m
2025-12-26 20:43:37.044450 | ADAUSDT | 15m
2025-12-26 20:43:37.758873 | ADAUSDT | 30m
2025-12-26 20:43:38.150001 | ADAUSDT | 1h
2025-12-26 20:43:38.543121 | AVAXUSDT | 5m
2025-12-26 20:43:38.945247 | AVAXUSDT | 15m
2025-12-26 20:43:39.338464 | AVAXUSDT | 30m
2025-12-26 20:43:39.736573 | AVAXUSDT | 1h
2025-12-26 20:43:40.136237 | LINKUSDT | 5m
2025-12-26 20:43:40.527571 | LINKUSDT | 15m
2025-12-26 20:43:40.916226 | LINKUSDT | 30m
2025-12-26 20:43:41.308203 | LINKUSDT | 1h
2025-12-26 20:43:41.703478 | OPUSDT | 5m
2025-12-26 20:43:42.098212 | OPUSDT | 15m
2025-12-26 20:43:42.496729 | OPUSDT | 30m
2025-12-26 20:43:42.887544 | OPUSDT | 1h
2025-12-26 20:43:43.276015 | ARBUSDT | 5m
2025-12-26 20:43:43.670570 | ARBUSDT | 15m
2025-12-26 20:43:44.063528 | ARBUSDT | 30m
2025-12-26 20:43:44.461228 | ARBUSDT | 1h
2025-12-26 20:44:24.462017 | BTCUSDT | 5m
2025-12-26 20:44:24.860274 | BTCUSDT | 15m
2025-12-26 20:44:25.259923 | BTCUSDT | 30m
2025-12-26 20:44:25.652728 | BTCUSDT | 1h
2025-12-26 20:44:26.054951 | ETHUSDT | 5m
2025-12-26 20:44:26.448119 | ETHUSDT | 15m
2025-12-26 20:44:26.841200 | ETHUSDT | 30m
2025-12-26 20:44:27.233224 | ETHUSDT | 1h
2025-12-26 20:44:27.631873 | SOLUSDT | 5m
2025-12-26 20:44:28.029792 | SOLUSDT | 15m
2025-12-26 20:44:28.452196 | SOLUSDT | 30m
2025-12-26 20:44:28.838922 | SOLUSDT | 1h
2025-12-26 20:44:29.238801 | BNBUSDT | 5m
2025-12-26 20:44:29.629918 | BNBUSDT | 15m
2025-12-26 20:44:30.015640 | BNBUSDT | 30m
2025-12-26 20:44:30.417980 | BNBUSDT | 1h
2025-12-26 20:44:30.817125 | XRPUSDT | 5m
2025-12-26 20:44:31.213208 | XRPUSDT | 15m
2025-12-26 20:44:31.614725 | XRPUSDT | 30m
2025-12-26 20:44:32.009373 | XRPUSDT | 1h
2025-12-26 20:44:32.417809 | ADAUSDT | 5m
2025-12-26 20:44:32.812930 | ADAUSDT | 15m
2025-12-26 20:44:33.207478 | ADAUSDT | 30m
2025-12-26 20:44:33.599412 | ADAUSDT | 1h
2025-12-26 20:44:34.000905 | AVAXUSDT | 5m
2025-12-26 20:44:34.394862 | AVAXUSDT | 15m
2025-12-26 20:44:34.797515 | AVAXUSDT | 30m
2025-12-26 20:44:35.188346 | AVAXUSDT | 1h
2025-12-26 20:44:35.578833 | LINKUSDT | 5m
2025-12-26 20:44:35.970124 | LINKUSDT | 15m
2025-12-26 20:44:36.379892 | LINKUSDT | 30m
2025-12-26 20:44:36.776563 | LINKUSDT | 1h
2025-12-26 20:44:37.169247 | OPUSDT | 5m
2025-12-26 20:44:37.566515 | OPUSDT | 15m
2025-12-26 20:44:37.961100 | OPUSDT | 30m
2025-12-26 20:44:38.381730 | OPUSDT | 1h
2025-12-26 20:44:38.785805 | ARBUSDT | 5m
2025-12-26 20:44:39.179449 | ARBUSDT | 15m
2025-12-26 20:44:39.570592 | ARBUSDT | 30m
2025-12-26 20:44:39.955921 | ARBUSDT | 1h
2025-12-26 20:48:45.725702 | BTCUSDT | 5m
2025-12-26 20:48:46.119832 | BTCUSDT | 15m
2025-12-26 20:48:46.513021 | BTCUSDT | 30m
2025-12-26 20:48:46.905903 | BTCUSDT | 1h
2025-12-26 20:48:47.299811 | ETHUSDT | 5m
2025-12-26 20:48:47.691081 | ETHUSDT | 15m
2025-12-26 20:48:48.079169 | ETHUSDT | 30m
2025-12-26 20:48:48.468570 | ETHUSDT | 1h
2025-12-26 20:48:48.866643 | SOLUSDT | 5m
2025-12-26 20:48:49.268184 | SOLUSDT | 15m
2025-12-26 20:48:49.663735 | SOLUSDT | 30m
2025-12-26 20:48:50.053151 | SOLUSDT | 1h
2025-12-26 20:48:50.450222 | BNBUSDT | 5m
2025-12-26 20:48:50.846535 | BNBUSDT | 15m
2025-12-26 20:48:51.231449 | BNBUSDT | 30m
2025-12-26 20:48:51.622812 | BNBUSDT | 1h
2025-12-26 20:48:52.021533 | XRPUSDT | 5m
2025-12-26 20:48:52.417815 | XRPUSDT | 15m
2025-12-26 20:48:52.807196 | XRPUSDT | 30m
2025-12-26 20:48:53.197759 | XRPUSDT | 1h
2025-12-26 20:48:53.587577 | ADAUSDT | 5m
2025-12-26 20:48:53.973949 | ADAUSDT | 15m
2025-12-26 20:48:54.361969 | ADAUSDT | 30m
2025-12-26 20:48:54.755227 | ADAUSDT | 1h
2025-12-26 20:48:55.145024 | AVAXUSDT | 5m
2025-12-26 20:48:55.549380 | AVAXUSDT | 15m
2025-12-26 20:48:55.950815 | AVAXUSDT | 30m
2025-12-26 20:48:56.348523 | AVAXUSDT | 1h
2025-12-26 20:48:56.750378 | LINKUSDT | 5m
2025-12-26 20:48:57.137553 | LINKUSDT | 15m
2025-12-26 20:48:57.532493 | LINKUSDT | 30m
2025-12-26 20:48:57.932518 | LINKUSDT | 1h
2025-12-26 20:48:58.323224 | OPUSDT | 5m
2025-12-26 20:48:58.720124 | OPUSDT | 15m
2025-12-26 20:48:59.110514 | OPUSDT | 30m
2025-12-26 20:48:59.519861 | OPUSDT | 1h
2025-12-26 20:48:59.920724 | ARBUSDT | 5m
2025-12-26 20:49:00.333006 | ARBUSDT | 15m
2025-12-26 20:49:00.726364 | ARBUSDT | 30m
2025-12-26 20:49:01.121776 | ARBUSDT | 1h
2025-12-26 20:49:41.009596 | BTCUSDT | 5m
2025-12-26 20:49:41.401201 | BTCUSDT | 15m
2025-12-26 20:49:41.790380 | BTCUSDT | 30m
2025-12-26 20:49:42.187155 | BTCUSDT | 1h
2025-12-26 20:49:42.584131 | ETHUSDT | 5m
2025-12-26 20:49:42.978324 | ETHUSDT | 15m
2025-12-26 20:49:43.374142 | ETHUSDT | 30m
2025-12-26 20:49:43.768673 | ETHUSDT | 1h
2025-12-26 20:49:44.159801 | SOLUSDT | 5m
2025-12-26 20:49:44.553703 | SOLUSDT | 15m
2025-12-26 20:49:44.949747 | SOLUSDT | 30m
2025-12-26 20:49:45.367611 | SOLUSDT | 1h
2025-12-26 20:49:45.840698 | BNBUSDT | 5m
2025-12-26 20:49:46.248933 | BNBUSDT | 15m
2025-12-26 20:49:46.658761 | BNBUSDT | 30m
2025-12-26 20:49:47.059990 | BNBUSDT | 1h
2025-12-26 20:49:47.470470 | XRPUSDT | 5m
2025-12-26 20:49:47.889243 | XRPUSDT | 15m
2025-12-26 20:49:48.289421 | XRPUSDT | 30m
2025-12-26 20:49:48.690592 | XRPUSDT | 1h
2025-12-26 20:49:49.102421 | ADAUSDT | 5m
2025-12-26 20:49:49.497934 | ADAUSDT | 15m
2025-12-26 20:49:49.927148 | ADAUSDT | 30m
2025-12-26 20:49:50.364462 | ADAUSDT | 1h
2025-12-26 20:49:50.773690 | AVAXUSDT | 5m
2025-12-26 20:49:51.195855 | AVAXUSDT | 15m
2025-12-26 20:49:51.614708 | AVAXUSDT | 30m
2025-12-26 20:49:52.000925 | AVAXUSDT | 1h
2025-12-26 20:49:52.423810 | LINKUSDT | 5m
2025-12-26 20:49:52.860283 | LINKUSDT | 15m
2025-12-26 20:49:53.269776 | LINKUSDT | 30m
2025-12-26 20:49:53.681444 | LINKUSDT | 1h
2025-12-26 20:49:54.096849 | OPUSDT | 5m
2025-12-26 20:49:54.510433 | OPUSDT | 15m
2025-12-26 20:49:54.910475 | OPUSDT | 30m
2025-12-26 20:49:55.324554 | OPUSDT | 1h
2025-12-26 20:49:55.711332 | ARBUSDT | 5m
2025-12-26 20:49:56.142131 | ARBUSDT | 15m
2025-12-26 20:49:56.565740 | ARBUSDT | 30m
2025-12-26 20:49:56.985470 | ARBUSDT | 1h
2025-12-26 20:54:02.269905 | BTCUSDT | 5m
2025-12-26 20:54:02.681198 | BTCUSDT | 15m
2025-12-26 20:54:03.082088 | BTCUSDT | 30m
2025-12-26 20:54:03.472583 | BTCUSDT | 1h
2025-12-26 20:54:03.876208 | ETHUSDT | 5m
2025-12-26 20:54:04.287283 | ETHUSDT | 15m
2025-12-26 20:54:04.680948 | ETHUSDT | 30m
2025-12-26 20:54:05.127456 | ETHUSDT | 1h
2025-12-26 20:54:05.536072 | SOLUSDT | 5m
2025-12-26 20:54:05.965606 | SOLUSDT | 15m
2025-12-26 20:54:06.381011 | SOLUSDT | 30m
2025-12-26 20:54:06.792446 | SOLUSDT | 1h
2025-12-26 20:54:07.184525 | BNBUSDT | 5m
2025-12-26 20:54:07.607929 | BNBUSDT | 15m
2025-12-26 20:54:08.011627 | BNBUSDT | 30m
2025-12-26 20:54:08.449381 | BNBUSDT | 1h
2025-12-26 20:54:08.876552 | XRPUSDT | 5m
2025-12-26 20:54:09.288960 | XRPUSDT | 15m
2025-12-26 20:54:09.701527 | XRPUSDT | 30m
2025-12-26 20:54:10.114570 | XRPUSDT | 1h
2025-12-26 20:54:10.516724 | ADAUSDT | 5m
2025-12-26 20:54:10.914065 | ADAUSDT | 15m
2025-12-26 20:54:11.312222 | ADAUSDT | 30m
2025-12-26 20:54:11.723997 | ADAUSDT | 1h
2025-12-26 20:54:12.114372 | AVAXUSDT | 5m
2025-12-26 20:54:12.526222 | AVAXUSDT | 15m
2025-12-26 20:54:12.947066 | AVAXUSDT | 30m
2025-12-26 20:54:13.355373 | AVAXUSDT | 1h
2025-12-26 20:54:13.769049 | LINKUSDT | 5m
2025-12-26 20:54:14.156645 | LINKUSDT | 15m
2025-12-26 20:54:14.597611 | LINKUSDT | 30m
2025-12-26 20:54:15.031570 | LINKUSDT | 1h
2025-12-26 20:54:15.461942 | OPUSDT | 5m
2025-12-26 20:54:15.886791 | OPUSDT | 15m
2025-12-26 20:54:16.296152 | OPUSDT | 30m
2025-12-26 20:54:16.691721 | OPUSDT | 1h
2025-12-26 20:54:17.448726 | ARBUSDT | 5m
2025-12-26 20:54:17.852814 | ARBUSDT | 15m
2025-12-26 20:54:18.262536 | ARBUSDT | 30m
2025-12-26 20:54:18.678473 | ARBUSDT | 1h
2025-12-26 20:54:58.085534 | BTCUSDT | 5m
2025-12-26 20:54:58.499056 | BTCUSDT | 15m
2025-12-26 20:54:58.942825 | BTCUSDT | 30m
2025-12-26 20:54:59.346156 | BTCUSDT | 1h
2025-12-26 20:54:59.745705 | ETHUSDT | 5m
2025-12-26 20:55:00.165005 | ETHUSDT | 15m
2025-12-26 20:55:00.578736 | ETHUSDT | 30m
2025-12-26 20:55:00.993171 | ETHUSDT | 1h
2025-12-26 20:55:01.402070 | SOLUSDT | 5m
2025-12-26 20:55:01.843095 | SOLUSDT | 15m
2025-12-26 20:55:02.254696 | SOLUSDT | 30m
2025-12-26 20:55:02.724264 | SOLUSDT | 1h
2025-12-26 20:55:03.130689 | BNBUSDT | 5m
2025-12-26 20:55:03.561382 | BNBUSDT | 15m
2025-12-26 20:55:03.987176 | BNBUSDT | 30m
2025-12-26 20:55:04.413392 | BNBUSDT | 1h
2025-12-26 20:55:04.816771 | XRPUSDT | 5m
2025-12-26 20:55:05.231761 | XRPUSDT | 15m
2025-12-26 20:55:05.615955 | XRPUSDT | 30m
2025-12-26 20:55:06.026266 | XRPUSDT | 1h
2025-12-26 20:55:06.455861 | ADAUSDT | 5m
2025-12-26 20:55:06.883222 | ADAUSDT | 15m
2025-12-26 20:55:07.313532 | ADAUSDT | 30m
2025-12-26 20:55:07.723615 | ADAUSDT | 1h
2025-12-26 20:55:08.127976 | AVAXUSDT | 5m
2025-12-26 20:55:08.525132 | AVAXUSDT | 15m
2025-12-26 20:55:08.960832 | AVAXUSDT | 30m
2025-12-26 20:55:09.375925 | AVAXUSDT | 1h
2025-12-26 20:55:09.783742 | LINKUSDT | 5m
2025-12-26 20:55:10.196184 | LINKUSDT | 15m
2025-12-26 20:55:10.591102 | LINKUSDT | 30m
2025-12-26 20:55:10.978262 | LINKUSDT | 1h
2025-12-26 20:55:11.365989 | OPUSDT | 5m
2025-12-26 20:55:11.760247 | OPUSDT | 15m
2025-12-26 20:55:12.173682 | OPUSDT | 30m
2025-12-26 20:55:12.558515 | OPUSDT | 1h
2025-12-26 20:55:12.949205 | ARBUSDT | 5m
2025-12-26 20:55:13.344289 | ARBUSDT | 15m
2025-12-26 20:55:13.748601 | ARBUSDT | 30m
2025-12-26 20:55:14.132410 | ARBUSDT | 1h
2025-12-26 20:59:19.922500 | BTCUSDT | 5m
2025-12-26 20:59:20.318399 | BTCUSDT | 15m
2025-12-26 20:59:20.717532 | BTCUSDT | 30m
2025-12-26 20:59:21.138744 | BTCUSDT | 1h
2025-12-26 20:59:21.533250 | ETHUSDT | 5m
2025-12-26 20:59:21.950589 | ETHUSDT | 15m
2025-12-26 20:59:22.338641 | ETHUSDT | 30m
2025-12-26 20:59:22.764944 | ETHUSDT | 1h
2025-12-26 20:59:23.171458 | SOLUSDT | 5m
2025-12-26 20:59:23.581658 | SOLUSDT | 15m
2025-12-26 20:59:23.990143 | SOLUSDT | 30m
2025-12-26 20:59:24.399415 | SOLUSDT | 1h
2025-12-26 20:59:24.806381 | BNBUSDT | 5m
2025-12-26 20:59:25.234481 | BNBUSDT | 15m
2025-12-26 20:59:25.674958 | BNBUSDT | 30m
2025-12-26 20:59:26.069860 | BNBUSDT | 1h
2025-12-26 20:59:26.490544 | XRPUSDT | 5m
2025-12-26 20:59:26.898211 | XRPUSDT | 15m
2025-12-26 20:59:27.340542 | XRPUSDT | 30m
2025-12-26 20:59:27.749649 | XRPUSDT | 1h
2025-12-26 20:59:28.154015 | ADAUSDT | 5m
2025-12-26 20:59:28.556696 | ADAUSDT | 15m
2025-12-26 20:59:28.993842 | ADAUSDT | 30m
2025-12-26 20:59:29.377902 | ADAUSDT | 1h
2025-12-26 20:59:29.791999 | AVAXUSDT | 5m
2025-12-26 20:59:30.231212 | AVAXUSDT | 15m
2025-12-26 20:59:30.662352 | AVAXUSDT | 30m
2025-12-26 20:59:31.075556 | AVAXUSDT | 1h
2025-12-26 20:59:31.506755 | LINKUSDT | 5m
2025-12-26 20:59:31.927788 | LINKUSDT | 15m
2025-12-26 20:59:32.339377 | LINKUSDT | 30m
2025-12-26 20:59:32.756833 | LINKUSDT | 1h
2025-12-26 20:59:33.175144 | OPUSDT | 5m
2025-12-26 20:59:33.578444 | OPUSDT | 15m
2025-12-26 20:59:33.979161 | OPUSDT | 30m
2025-12-26 20:59:34.399026 | OPUSDT | 1h
2025-12-26 20:59:34.812594 | ARBUSDT | 5m
2025-12-26 20:59:35.232176 | ARBUSDT | 15m
2025-12-26 20:59:35.655944 | ARBUSDT | 30m
2025-12-26 20:59:36.055995 | ARBUSDT | 1h
2025-12-30 19:04:19.261580+00:00 | BTCUSDT | 5m
2025-12-30 19:04:19.261893+00:00 | BTCUSDT | 15m
2025-12-30 19:04:19.262130+00:00 | BTCUSDT | 30m
2025-12-30 19:04:19.262912+00:00 | BTCUSDT | 1h
2025-12-30 19:04:19.263225+00:00 | BTCUSDT | 4h
2025-12-30 19:04:19.266286+00:00 | ETHUSDT | 5m
2025-12-30 19:04:19.266983+00:00 | ETHUSDT | 15m
2025-12-30 19:04:19.267806+00:00 | ETHUSDT | 30m
2025-12-30 19:04:19.268027+00:00 | ETHUSDT | 1h
2025-12-30 19:04:19.268206+00:00 | ETHUSDT | 4h
2025-12-30 19:04:19.273580+00:00 | BNBUSDT | 5m
2025-12-30 19:04:19.273884+00:00 | BNBUSDT | 15m
2025-12-30 19:04:19.274124+00:00 | BNBUSDT | 30m
2025-12-30 19:04:19.274786+00:00 | BNBUSDT | 1h
2025-12-30 19:04:19.275176+00:00 | BNBUSDT | 4h
2025-12-30 19:04:19.279285+00:00 | SOLUSDT | 5m
2025-12-30 19:04:19.280079+00:00 | SOLUSDT | 15m
2025-12-30 19:04:19.280480+00:00 | SOLUSDT | 30m
2025-12-30 19:04:19.280921+00:00 | SOLUSDT | 1h
2025-12-30 19:04:19.281220+00:00 | SOLUSDT | 4h
2025-12-30 19:04:19.284131+00:00 | XRPUSDT | 5m
2025-12-30 19:04:19.284457+00:00 | XRPUSDT | 15m
2025-12-30 19:04:19.284662+00:00 | XRPUSDT | 30m
2025-12-30 19:04:19.284906+00:00 | XRPUSDT | 1h
2025-12-30 19:04:19.285143+00:00 | XRPUSDT | 4h
2025-12-30 19:04:19.288219+00:00 | ADAUSDT | 5m
2025-12-30 19:04:19.288834+00:00 | ADAUSDT | 15m
2025-12-30 19:04:19.289216+00:00 | ADAUSDT | 30m
2025-12-30 19:04:19.289468+00:00 | ADAUSDT | 1h
2025-12-30 19:04:19.289691+00:00 | ADAUSDT | 4h
2025-12-30 19:04:19.293189+00:00 | DOGEUSDT | 5m
2025-12-30 19:04:19.293434+00:00 | DOGEUSDT | 15m
2025-12-30 19:04:19.293629+00:00 | DOGEUSDT | 30m
2025-12-30 19:04:19.293878+00:00 | DOGEUSDT | 1h
2025-12-30 19:04:19.294089+00:00 | DOGEUSDT | 4h
2025-12-30 19:04:19.298032+00:00 | AVAXUSDT | 5m
2025-12-30 19:04:19.298257+00:00 | AVAXUSDT | 15m
2025-12-30 19:04:19.298484+00:00 | AVAXUSDT | 30m
2025-12-30 19:04:19.298728+00:00 | AVAXUSDT | 1h
2025-12-30 19:04:19.298945+00:00 | AVAXUSDT | 4h
2025-12-30 19:04:19.302016+00:00 | DOTUSDT | 5m
2025-12-30 19:04:19.302610+00:00 | DOTUSDT | 15m
2025-12-30 19:04:19.302977+00:00 | DOTUSDT | 30m
2025-12-30 19:04:19.303646+00:00 | DOTUSDT | 1h
2025-12-30 19:04:19.304027+00:00 | DOTUSDT | 4h
2025-12-30 19:04:19.307543+00:00 | LINKUSDT | 5m
2025-12-30 19:04:19.307879+00:00 | LINKUSDT | 15m
2025-12-30 19:04:19.308057+00:00 | LINKUSDT | 30m
2025-12-30 19:04:19.308243+00:00 | LINKUSDT | 1h
2025-12-30 19:04:19.308866+00:00 | LINKUSDT | 4h
2025-12-30 19:04:19.311836+00:00 | UNIUSDT | 5m
2025-12-30 19:04:19.312058+00:00 | UNIUSDT | 15m
2025-12-30 19:04:19.312363+00:00 | UNIUSDT | 30m
2025-12-30 19:04:19.312655+00:00 | UNIUSDT | 1h
2025-12-30 19:04:19.312965+00:00 | UNIUSDT | 4h
2025-12-30 19:04:19.317611+00:00 | AAVEUSDT | 5m
2025-12-30 19:04:19.317871+00:00 | AAVEUSDT | 15m
2025-12-30 19:04:19.318058+00:00 | AAVEUSDT | 30m
2025-12-30 19:04:19.318619+00:00 | AAVEUSDT | 1h
2025-12-30 19:04:19.318932+00:00 | AAVEUSDT | 4h
2025-12-30 19:04:19.321860+00:00 | ARBUSDT | 5m
2025-12-30 19:04:19.322116+00:00 | ARBUSDT | 15m
2025-12-30 19:04:19.323220+00:00 | ARBUSDT | 30m
2025-12-30 19:04:19.323684+00:00 | ARBUSDT | 1h
2025-12-30 19:04:19.324102+00:00 | ARBUSDT | 4h
2025-12-30 19:04:19.327405+00:00 | OPUSDT | 5m
2025-12-30 19:04:19.327719+00:00 | OPUSDT | 15m
2025-12-30 19:04:19.327958+00:00 | OPUSDT | 30m
2025-12-30 19:04:19.328146+00:00 | OPUSDT | 1h
2025-12-30 19:04:19.328706+00:00 | OPUSDT | 4h
2025-12-30 19:04:19.331341+00:00 | SUIUSDT | 5m
2025-12-30 19:04:19.331567+00:00 | SUIUSDT | 15m
2025-12-30 19:04:19.331810+00:00 | SUIUSDT | 30m
2025-12-30 19:04:19.332126+00:00 | SUIUSDT | 1h
2025-12-30 19:04:19.332830+00:00 | SUIUSDT | 4h
2025-12-30 19:04:19.335706+00:00 | APTUSDT | 5m
2025-12-30 19:04:19.335948+00:00 | APTUSDT | 15m
2025-12-30 19:04:19.336128+00:00 | APTUSDT | 30m
2025-12-30 19:04:19.336383+00:00 | APTUSDT | 1h
2025-12-30 19:04:19.336577+00:00 | APTUSDT | 4h
2025-12-30 19:04:19.340767+00:00 | ATOMUSDT | 5m
2025-12-30 19:04:19.341074+00:00 | ATOMUSDT | 15m
2025-12-30 19:04:19.342007+00:00 | ATOMUSDT | 30m
2025-12-30 19:04:19.342350+00:00 | ATOMUSDT | 1h
2025-12-30 19:04:19.342854+00:00 | ATOMUSDT | 4h
2025-12-30 19:04:19.345135+00:00 | NEARUSDT | 5m
2025-12-30 19:04:19.346034+00:00 | NEARUSDT | 15m
2025-12-30 19:04:19.346398+00:00 | NEARUSDT | 30m
2025-12-30 19:04:19.346800+00:00 | NEARUSDT | 1h
2025-12-30 19:04:19.347164+00:00 | NEARUSDT | 4h
2025-12-30 19:04:19.350211+00:00 | ALGOUSDT | 5m
2025-12-30 19:04:19.350489+00:00 | ALGOUSDT | 15m
2025-12-30 19:04:19.350749+00:00 | ALGOUSDT | 30m
2025-12-30 19:04:19.350935+00:00 | ALGOUSDT | 1h
2025-12-30 19:04:19.351200+00:00 | ALGOUSDT | 4h
2025-12-30 19:13:07.265541+00:00 | BTCUSDT | 5m
2025-12-30 19:13:07.265854+00:00 | BTCUSDT | 15m
2025-12-30 19:13:07.266087+00:00 | BTCUSDT | 30m
2025-12-30 19:13:07.266317+00:00 | BTCUSDT | 1h
2025-12-30 19:13:07.266524+00:00 | BTCUSDT | 4h
2025-12-30 19:13:07.268723+00:00 | ETHUSDT | 5m
2025-12-30 19:13:07.268921+00:00 | ETHUSDT | 15m
2025-12-30 19:13:07.269078+00:00 | ETHUSDT | 30m
2025-12-30 19:13:07.269257+00:00 | ETHUSDT | 1h
2025-12-30 19:13:07.269446+00:00 | ETHUSDT | 4h
2025-12-30 19:13:07.271694+00:00 | BNBUSDT | 5m
2025-12-30 19:13:07.271881+00:00 | BNBUSDT | 15m
2025-12-30 19:13:07.272010+00:00 | BNBUSDT | 30m
2025-12-30 19:13:07.272207+00:00 | BNBUSDT | 1h
2025-12-30 19:13:07.272386+00:00 | BNBUSDT | 4h
2025-12-30 19:13:07.274310+00:00 | SOLUSDT | 5m
2025-12-30 19:13:07.274614+00:00 | SOLUSDT | 15m
2025-12-30 19:13:07.274764+00:00 | SOLUSDT | 30m
2025-12-30 19:13:07.274903+00:00 | SOLUSDT | 1h
2025-12-30 19:13:07.275085+00:00 | SOLUSDT | 4h
2025-12-30 19:13:07.276780+00:00 | XRPUSDT | 5m
2025-12-30 19:13:07.276976+00:00 | XRPUSDT | 15m
2025-12-30 19:13:07.277135+00:00 | XRPUSDT | 30m
2025-12-30 19:13:07.277717+00:00 | XRPUSDT | 1h
2025-12-30 19:13:07.277888+00:00 | XRPUSDT | 4h
2025-12-30 19:13:07.279582+00:00 | ADAUSDT | 5m
2025-12-30 19:13:07.279748+00:00 | ADAUSDT | 15m
2025-12-30 19:13:07.279899+00:00 | ADAUSDT | 30m
2025-12-30 19:13:07.280101+00:00 | ADAUSDT | 1h
2025-12-30 19:13:07.280328+00:00 | ADAUSDT | 4h
2025-12-30 19:13:07.282269+00:00 | DOGEUSDT | 5m
2025-12-30 19:13:07.282473+00:00 | DOGEUSDT | 15m
2025-12-30 19:13:07.282660+00:00 | DOGEUSDT | 30m
2025-12-30 19:13:07.282821+00:00 | DOGEUSDT | 1h
2025-12-30 19:13:07.282965+00:00 | DOGEUSDT | 4h
2025-12-30 19:13:07.284804+00:00 | AVAXUSDT | 5m
2025-12-30 19:13:07.284971+00:00 | AVAXUSDT | 15m
2025-12-30 19:13:07.285125+00:00 | AVAXUSDT | 30m
2025-12-30 19:13:07.285266+00:00 | AVAXUSDT | 1h
2025-12-30 19:13:07.285421+00:00 | AVAXUSDT | 4h
2025-12-30 19:13:07.287292+00:00 | DOTUSDT | 5m
2025-12-30 19:13:07.287509+00:00 | DOTUSDT | 15m
2025-12-30 19:13:07.287666+00:00 | DOTUSDT | 30m
2025-12-30 19:13:07.287812+00:00 | DOTUSDT | 1h
2025-12-30 19:13:07.287959+00:00 | DOTUSDT | 4h
2025-12-30 19:13:07.289584+00:00 | LINKUSDT | 5m
2025-12-30 19:13:07.289784+00:00 | LINKUSDT | 15m
2025-12-30 19:13:07.289943+00:00 | LINKUSDT | 30m
2025-12-30 19:13:07.290159+00:00 | LINKUSDT | 1h
2025-12-30 19:13:07.290318+00:00 | LINKUSDT | 4h
2025-12-30 19:13:07.291894+00:00 | UNIUSDT | 5m
2025-12-30 19:13:07.292154+00:00 | UNIUSDT | 15m
2025-12-30 19:13:07.292324+00:00 | UNIUSDT | 30m
2025-12-30 19:13:07.292510+00:00 | UNIUSDT | 1h
2025-12-30 19:13:07.292697+00:00 | UNIUSDT | 4h
2025-12-30 19:13:07.294500+00:00 | AAVEUSDT | 5m
2025-12-30 19:13:07.294674+00:00 | AAVEUSDT | 15m
2025-12-30 19:13:07.294834+00:00 | AAVEUSDT | 30m
2025-12-30 19:13:07.295035+00:00 | AAVEUSDT | 1h
2025-12-30 19:13:07.295183+00:00 | AAVEUSDT | 4h
2025-12-30 19:13:07.298556+00:00 | ARBUSDT | 5m
2025-12-30 19:13:07.298763+00:00 | ARBUSDT | 15m
2025-12-30 19:13:07.298938+00:00 | ARBUSDT | 30m
2025-12-30 19:13:07.302030+00:00 | ARBUSDT | 1h
2025-12-30 19:13:07.302284+00:00 | ARBUSDT | 4h
2025-12-30 19:13:07.307517+00:00 | OPUSDT | 5m
2025-12-30 19:13:07.307794+00:00 | OPUSDT | 15m
2025-12-30 19:13:07.308004+00:00 | OPUSDT | 30m
2025-12-30 19:13:07.308290+00:00 | OPUSDT | 1h
2025-12-30 19:13:07.308568+00:00 | OPUSDT | 4h
2025-12-30 19:13:07.310470+00:00 | SUIUSDT | 5m
2025-12-30 19:13:07.310707+00:00 | SUIUSDT | 15m
2025-12-30 19:13:07.310895+00:00 | SUIUSDT | 30m
2025-12-30 19:13:07.311062+00:00 | SUIUSDT | 1h
2025-12-30 19:13:07.311206+00:00 | SUIUSDT | 4h
2025-12-30 19:13:07.312974+00:00 | APTUSDT | 5m
2025-12-30 19:13:07.313211+00:00 | APTUSDT | 15m
2025-12-30 19:13:07.313409+00:00 | APTUSDT | 30m
2025-12-30 19:13:07.313557+00:00 | APTUSDT | 1h
2025-12-30 19:13:07.313737+00:00 | APTUSDT | 4h
2025-12-30 19:13:07.315595+00:00 | ATOMUSDT | 5m
2025-12-30 19:13:07.315785+00:00 | ATOMUSDT | 15m
2025-12-30 19:13:07.315922+00:00 | ATOMUSDT | 30m
2025-12-30 19:13:07.316156+00:00 | ATOMUSDT | 1h
2025-12-30 19:13:07.316332+00:00 | ATOMUSDT | 4h
2025-12-30 19:13:07.318105+00:00 | NEARUSDT | 5m
2025-12-30 19:13:07.318289+00:00 | NEARUSDT | 15m
2025-12-30 19:13:07.318479+00:00 | NEARUSDT | 30m
2025-12-30 19:13:07.318628+00:00 | NEARUSDT | 1h
2025-12-30 19:13:07.318766+00:00 | NEARUSDT | 4h
2025-12-30 19:13:07.320457+00:00 | ALGOUSDT | 5m
2025-12-30 19:13:07.320658+00:00 | ALGOUSDT | 15m
2025-12-30 19:13:07.320795+00:00 | ALGOUSDT | 30m
2025-12-30 19:13:07.320934+00:00 | ALGOUSDT | 1h
2025-12-30 19:13:07.321111+00:00 | ALGOUSDT | 4h
2025-12-30 19:15:41.346587+00:00 | BTCUSDT | 5m
2025-12-30 19:15:41.346911+00:00 | BTCUSDT | 15m
2025-12-30 19:15:41.347177+00:00 | BTCUSDT | 30m
2025-12-30 19:15:41.347469+00:00 | BTCUSDT | 1h
2025-12-30 19:15:41.347783+00:00 | BTCUSDT | 4h
2025-12-30 19:15:41.350542+00:00 | ETHUSDT | 5m
2025-12-30 19:15:41.350747+00:00 | ETHUSDT | 15m
2025-12-30 19:15:41.350896+00:00 | ETHUSDT | 30m
2025-12-30 19:15:41.351130+00:00 | ETHUSDT | 1h
2025-12-30 19:15:41.351442+00:00 | ETHUSDT | 4h
2025-12-30 19:15:41.354323+00:00 | BNBUSDT | 5m
2025-12-30 19:15:41.354708+00:00 | BNBUSDT | 15m
2025-12-30 19:15:41.354965+00:00 | BNBUSDT | 30m
2025-12-30 19:15:41.355214+00:00 | BNBUSDT | 1h
2025-12-30 19:15:41.355532+00:00 | BNBUSDT | 4h
2025-12-30 19:15:41.357699+00:00 | SOLUSDT | 5m
2025-12-30 19:15:41.357931+00:00 | SOLUSDT | 15m
2025-12-30 19:15:41.358197+00:00 | SOLUSDT | 30m
2025-12-30 19:15:41.358488+00:00 | SOLUSDT | 1h
2025-12-30 19:15:41.358757+00:00 | SOLUSDT | 4h
2025-12-30 19:15:41.360989+00:00 | XRPUSDT | 5m
2025-12-30 19:15:41.361227+00:00 | XRPUSDT | 15m
2025-12-30 19:15:41.361548+00:00 | XRPUSDT | 30m
2025-12-30 19:15:41.361867+00:00 | XRPUSDT | 1h
2025-12-30 19:15:41.362173+00:00 | XRPUSDT | 4h
2025-12-30 19:15:41.364664+00:00 | ADAUSDT | 5m
2025-12-30 19:15:41.364943+00:00 | ADAUSDT | 15m
2025-12-30 19:15:41.365191+00:00 | ADAUSDT | 30m
2025-12-30 19:15:41.365476+00:00 | ADAUSDT | 1h
2025-12-30 19:15:41.365734+00:00 | ADAUSDT | 4h
2025-12-30 19:15:41.368311+00:00 | DOGEUSDT | 5m
2025-12-30 19:15:41.368700+00:00 | DOGEUSDT | 15m
2025-12-30 19:15:41.368973+00:00 | DOGEUSDT | 30m
2025-12-30 19:15:41.369241+00:00 | DOGEUSDT | 1h
2025-12-30 19:15:41.369640+00:00 | DOGEUSDT | 4h
2025-12-30 19:15:41.372108+00:00 | AVAXUSDT | 5m
2025-12-30 19:15:41.372365+00:00 | AVAXUSDT | 15m
2025-12-30 19:15:41.372633+00:00 | AVAXUSDT | 30m
2025-12-30 19:15:41.372797+00:00 | AVAXUSDT | 1h
2025-12-30 19:15:41.372989+00:00 | AVAXUSDT | 4h
2025-12-30 19:15:41.375428+00:00 | DOTUSDT | 5m
2025-12-30 19:15:41.375681+00:00 | DOTUSDT | 15m
2025-12-30 19:15:41.375889+00:00 | DOTUSDT | 30m
2025-12-30 19:15:41.376107+00:00 | DOTUSDT | 1h
2025-12-30 19:15:41.376338+00:00 | DOTUSDT | 4h
2025-12-30 19:15:41.378750+00:00 | LINKUSDT | 5m
2025-12-30 19:15:41.379035+00:00 | LINKUSDT | 15m
2025-12-30 19:15:41.379290+00:00 | LINKUSDT | 30m
2025-12-30 19:15:41.379595+00:00 | LINKUSDT | 1h
2025-12-30 19:15:41.379885+00:00 | LINKUSDT | 4h
2025-12-30 19:15:41.382248+00:00 | UNIUSDT | 5m
2025-12-30 19:15:41.382824+00:00 | UNIUSDT | 15m
2025-12-30 19:15:41.383113+00:00 | UNIUSDT | 30m
2025-12-30 19:15:41.383352+00:00 | UNIUSDT | 1h
2025-12-30 19:15:41.383760+00:00 | UNIUSDT | 4h
2025-12-30 19:15:41.385957+00:00 | AAVEUSDT | 5m
2025-12-30 19:15:41.386326+00:00 | AAVEUSDT | 15m
2025-12-30 19:15:41.386608+00:00 | AAVEUSDT | 30m
2025-12-30 19:15:41.386839+00:00 | AAVEUSDT | 1h
2025-12-30 19:15:41.387046+00:00 | AAVEUSDT | 4h
2025-12-30 19:15:41.389602+00:00 | ARBUSDT | 5m
2025-12-30 19:15:41.389854+00:00 | ARBUSDT | 15m
2025-12-30 19:15:41.390217+00:00 | ARBUSDT | 30m
2025-12-30 19:15:41.390540+00:00 | ARBUSDT | 1h
2025-12-30 19:15:41.390876+00:00 | ARBUSDT | 4h
2025-12-30 19:15:41.393212+00:00 | OPUSDT | 5m
2025-12-30 19:15:41.393491+00:00 | OPUSDT | 15m
2025-12-30 19:15:41.393756+00:00 | OPUSDT | 30m
2025-12-30 19:15:41.393997+00:00 | OPUSDT | 1h
2025-12-30 19:15:41.394203+00:00 | OPUSDT | 4h
2025-12-30 19:15:41.396490+00:00 | SUIUSDT | 5m
2025-12-30 19:15:41.396748+00:00 | SUIUSDT | 15m
2025-12-30 19:15:41.397008+00:00 | SUIUSDT | 30m
2025-12-30 19:15:41.397218+00:00 | SUIUSDT | 1h
2025-12-30 19:15:41.397528+00:00 | SUIUSDT | 4h
2025-12-30 19:15:41.399900+00:00 | APTUSDT | 5m
2025-12-30 19:15:41.400263+00:00 | APTUSDT | 15m
2025-12-30 19:15:41.400582+00:00 | APTUSDT | 30m
2025-12-30 19:15:41.400853+00:00 | APTUSDT | 1h
2025-12-30 19:15:41.401068+00:00 | APTUSDT | 4h
2025-12-30 19:15:41.403753+00:00 | ATOMUSDT | 5m
2025-12-30 19:15:41.404119+00:00 | ATOMUSDT | 15m
2025-12-30 19:15:41.404397+00:00 | ATOMUSDT | 30m
2025-12-30 19:15:41.404630+00:00 | ATOMUSDT | 1h
2025-12-30 19:15:41.404861+00:00 | ATOMUSDT | 4h
2025-12-30 19:15:41.407049+00:00 | NEARUSDT | 5m
2025-12-30 19:15:41.407323+00:00 | NEARUSDT | 15m
2025-12-30 19:15:41.407533+00:00 | NEARUSDT | 30m
2025-12-30 19:15:41.407787+00:00 | NEARUSDT | 1h
2025-12-30 19:15:41.408012+00:00 | NEARUSDT | 4h
2025-12-30 19:15:41.410703+00:00 | ALGOUSDT | 5m
2025-12-30 19:15:41.410934+00:00 | ALGOUSDT | 15m
2025-12-30 19:15:41.411194+00:00 | ALGOUSDT | 30m
2025-12-30 19:15:41.411605+00:00 | ALGOUSDT | 1h
2025-12-30 19:15:41.411841+00:00 | ALGOUSDT | 4h
2025-12-30 19:16:13.427935+00:00 | BTCUSDT | 5m
2025-12-30 19:16:13.428370+00:00 | BTCUSDT | 15m
2025-12-30 19:16:13.428544+00:00 | BTCUSDT | 30m
2025-12-30 19:16:13.428699+00:00 | BTCUSDT | 1h
2025-12-30 19:16:13.428843+00:00 | BTCUSDT | 4h
2025-12-30 19:16:13.431770+00:00 | ETHUSDT | 5m
2025-12-30 19:16:13.432052+00:00 | ETHUSDT | 15m
2025-12-30 19:16:13.432207+00:00 | ETHUSDT | 30m
2025-12-30 19:16:13.432395+00:00 | ETHUSDT | 1h
2025-12-30 19:16:13.432550+00:00 | ETHUSDT | 4h
2025-12-30 19:16:13.435676+00:00 | BNBUSDT | 5m
2025-12-30 19:16:13.436059+00:00 | BNBUSDT | 15m
2025-12-30 19:16:13.436228+00:00 | BNBUSDT | 30m
2025-12-30 19:16:13.436415+00:00 | BNBUSDT | 1h
2025-12-30 19:16:13.436620+00:00 | BNBUSDT | 4h
2025-12-30 19:16:13.439641+00:00 | SOLUSDT | 5m
2025-12-30 19:16:13.439871+00:00 | SOLUSDT | 15m
2025-12-30 19:16:13.440146+00:00 | SOLUSDT | 30m
2025-12-30 19:16:13.440775+00:00 | SOLUSDT | 1h
2025-12-30 19:16:13.441048+00:00 | SOLUSDT | 4h
2025-12-30 19:16:13.444176+00:00 | XRPUSDT | 5m
2025-12-30 19:16:13.444516+00:00 | XRPUSDT | 15m
2025-12-30 19:16:13.444705+00:00 | XRPUSDT | 30m
2025-12-30 19:16:13.444875+00:00 | XRPUSDT | 1h
2025-12-30 19:16:13.445057+00:00 | XRPUSDT | 4h
2025-12-30 19:16:13.447672+00:00 | ADAUSDT | 5m
2025-12-30 19:16:13.447904+00:00 | ADAUSDT | 15m
2025-12-30 19:16:13.448056+00:00 | ADAUSDT | 30m
2025-12-30 19:16:13.448648+00:00 | ADAUSDT | 1h
2025-12-30 19:16:13.448972+00:00 | ADAUSDT | 4h
2025-12-30 19:16:13.451609+00:00 | DOGEUSDT | 5m
2025-12-30 19:16:13.451829+00:00 | DOGEUSDT | 15m
2025-12-30 19:16:13.452076+00:00 | DOGEUSDT | 30m
2025-12-30 19:16:13.452237+00:00 | DOGEUSDT | 1h
2025-12-30 19:16:13.452835+00:00 | DOGEUSDT | 4h
2025-12-30 19:16:13.455413+00:00 | AVAXUSDT | 5m
2025-12-30 19:16:13.455794+00:00 | AVAXUSDT | 15m
2025-12-30 19:16:13.456146+00:00 | AVAXUSDT | 30m
2025-12-30 19:16:13.456471+00:00 | AVAXUSDT | 1h
2025-12-30 19:16:13.456698+00:00 | AVAXUSDT | 4h
2025-12-30 19:16:13.459354+00:00 | DOTUSDT | 5m
2025-12-30 19:16:13.459538+00:00 | DOTUSDT | 15m
2025-12-30 19:16:13.459703+00:00 | DOTUSDT | 30m
2025-12-30 19:16:13.459967+00:00 | DOTUSDT | 1h
2025-12-30 19:16:13.460129+00:00 | DOTUSDT | 4h
2025-12-30 19:16:13.463526+00:00 | LINKUSDT | 5m
2025-12-30 19:16:13.463736+00:00 | LINKUSDT | 15m
2025-12-30 19:16:13.463927+00:00 | LINKUSDT | 30m
2025-12-30 19:16:13.464116+00:00 | LINKUSDT | 1h
2025-12-30 19:16:13.464266+00:00 | LINKUSDT | 4h
2025-12-30 19:16:13.467479+00:00 | UNIUSDT | 5m
2025-12-30 19:16:13.467676+00:00 | UNIUSDT | 15m
2025-12-30 19:16:13.467899+00:00 | UNIUSDT | 30m
2025-12-30 19:16:13.468057+00:00 | UNIUSDT | 1h
2025-12-30 19:16:13.468195+00:00 | UNIUSDT | 4h
2025-12-30 19:16:13.471031+00:00 | AAVEUSDT | 5m
2025-12-30 19:16:13.471264+00:00 | AAVEUSDT | 15m
2025-12-30 19:16:13.471880+00:00 | AAVEUSDT | 30m
2025-12-30 19:16:13.472175+00:00 | AAVEUSDT | 1h
2025-12-30 19:16:13.473364+00:00 | AAVEUSDT | 4h
2025-12-30 19:16:13.480487+00:00 | ARBUSDT | 5m
2025-12-30 19:16:13.481002+00:00 | ARBUSDT | 15m
2025-12-30 19:16:13.481527+00:00 | ARBUSDT | 30m
2025-12-30 19:16:13.481697+00:00 | ARBUSDT | 1h
2025-12-30 19:16:13.481867+00:00 | ARBUSDT | 4h
2025-12-30 19:16:13.488099+00:00 | OPUSDT | 5m
2025-12-30 19:16:13.488525+00:00 | OPUSDT | 15m
2025-12-30 19:16:13.488723+00:00 | OPUSDT | 30m
2025-12-30 19:16:13.488882+00:00 | OPUSDT | 1h
2025-12-30 19:16:13.489146+00:00 | OPUSDT | 4h
2025-12-30 19:16:13.492052+00:00 | SUIUSDT | 5m
2025-12-30 19:16:13.492272+00:00 | SUIUSDT | 15m
2025-12-30 19:16:13.492866+00:00 | SUIUSDT | 30m
2025-12-30 19:16:13.493152+00:00 | SUIUSDT | 1h
2025-12-30 19:16:13.493471+00:00 | SUIUSDT | 4h
2025-12-30 19:16:13.496444+00:00 | APTUSDT | 5m
2025-12-30 19:16:13.496737+00:00 | APTUSDT | 15m
2025-12-30 19:16:13.496897+00:00 | APTUSDT | 30m
2025-12-30 19:16:13.497040+00:00 | APTUSDT | 1h
2025-12-30 19:16:13.497183+00:00 | APTUSDT | 4h
2025-12-30 19:16:13.499919+00:00 | ATOMUSDT | 5m
2025-12-30 19:16:13.500141+00:00 | ATOMUSDT | 15m
2025-12-30 19:16:13.500827+00:00 | ATOMUSDT | 30m
2025-12-30 19:16:13.501146+00:00 | ATOMUSDT | 1h
2025-12-30 19:16:13.501516+00:00 | ATOMUSDT | 4h
2025-12-30 19:16:13.503942+00:00 | NEARUSDT | 5m
2025-12-30 19:16:13.504176+00:00 | NEARUSDT | 15m
2025-12-30 19:16:13.504685+00:00 | NEARUSDT | 30m
2025-12-30 19:16:13.504973+00:00 | NEARUSDT | 1h
2025-12-30 19:16:13.505319+00:00 | NEARUSDT | 4h
2025-12-30 19:16:13.508306+00:00 | ALGOUSDT | 5m
2025-12-30 19:16:13.508563+00:00 | ALGOUSDT | 15m
2025-12-30 19:16:13.508714+00:00 | ALGOUSDT | 30m
2025-12-30 19:16:13.508888+00:00 | ALGOUSDT | 1h
2025-12-30 19:16:13.509033+00:00 | ALGOUSDT | 4h
2025-12-30 19:18:13.705913+00:00 | BTCUSDT | 5m
2025-12-30 19:18:13.706258+00:00 | BTCUSDT | 15m
2025-12-30 19:18:13.706542+00:00 | BTCUSDT | 30m
2025-12-30 19:18:13.706921+00:00 | BTCUSDT | 1h
2025-12-30 19:18:13.707159+00:00 | BTCUSDT | 4h
2025-12-30 19:18:13.710428+00:00 | ETHUSDT | 5m
2025-12-30 19:18:13.710892+00:00 | ETHUSDT | 15m
2025-12-30 19:18:13.711156+00:00 | ETHUSDT | 30m
2025-12-30 19:18:13.711439+00:00 | ETHUSDT | 1h
2025-12-30 19:18:13.711738+00:00 | ETHUSDT | 4h
2025-12-30 19:18:13.714614+00:00 | BNBUSDT | 5m
2025-12-30 19:18:13.714941+00:00 | BNBUSDT | 15m
2025-12-30 19:18:13.715212+00:00 | BNBUSDT | 30m
2025-12-30 19:18:13.715522+00:00 | BNBUSDT | 1h
2025-12-30 19:18:13.715816+00:00 | BNBUSDT | 4h
2025-12-30 19:18:13.718694+00:00 | SOLUSDT | 5m
2025-12-30 19:18:13.719022+00:00 | SOLUSDT | 15m
2025-12-30 19:18:13.719313+00:00 | SOLUSDT | 30m
2025-12-30 19:18:13.719601+00:00 | SOLUSDT | 1h
2025-12-30 19:18:13.719889+00:00 | SOLUSDT | 4h
2025-12-30 19:18:13.722799+00:00 | XRPUSDT | 5m
2025-12-30 19:18:13.723249+00:00 | XRPUSDT | 15m
2025-12-30 19:18:13.726735+00:00 | XRPUSDT | 30m
2025-12-30 19:18:13.727039+00:00 | XRPUSDT | 1h
2025-12-30 19:18:13.727884+00:00 | XRPUSDT | 4h
2025-12-30 19:18:13.736249+00:00 | ADAUSDT | 5m
2025-12-30 19:18:13.736652+00:00 | ADAUSDT | 15m
2025-12-30 19:18:13.737009+00:00 | ADAUSDT | 30m
2025-12-30 19:18:13.737282+00:00 | ADAUSDT | 1h
2025-12-30 19:18:13.737936+00:00 | ADAUSDT | 4h
2025-12-30 19:18:13.740503+00:00 | DOGEUSDT | 5m
2025-12-30 19:18:13.740804+00:00 | DOGEUSDT | 15m
2025-12-30 19:18:13.741123+00:00 | DOGEUSDT | 30m
2025-12-30 19:18:13.741414+00:00 | DOGEUSDT | 1h
2025-12-30 19:18:13.741694+00:00 | DOGEUSDT | 4h
2025-12-30 19:18:13.744154+00:00 | AVAXUSDT | 5m
2025-12-30 19:18:13.744730+00:00 | AVAXUSDT | 15m
2025-12-30 19:18:13.745090+00:00 | AVAXUSDT | 30m
2025-12-30 19:18:13.745389+00:00 | AVAXUSDT | 1h
2025-12-30 19:18:13.745675+00:00 | AVAXUSDT | 4h
2025-12-30 19:18:13.748095+00:00 | DOTUSDT | 5m
2025-12-30 19:18:13.748403+00:00 | DOTUSDT | 15m
2025-12-30 19:18:13.748663+00:00 | DOTUSDT | 30m
2025-12-30 19:18:13.748915+00:00 | DOTUSDT | 1h
2025-12-30 19:18:13.749162+00:00 | DOTUSDT | 4h
2025-12-30 19:18:13.751688+00:00 | LINKUSDT | 5m
2025-12-30 19:18:13.751992+00:00 | LINKUSDT | 15m
2025-12-30 19:18:13.752247+00:00 | LINKUSDT | 30m
2025-12-30 19:18:13.752597+00:00 | LINKUSDT | 1h
2025-12-30 19:18:13.752876+00:00 | LINKUSDT | 4h
2025-12-30 19:18:13.755515+00:00 | UNIUSDT | 5m
2025-12-30 19:18:13.755913+00:00 | UNIUSDT | 15m
2025-12-30 19:18:13.756177+00:00 | UNIUSDT | 30m
2025-12-30 19:18:13.756491+00:00 | UNIUSDT | 1h
2025-12-30 19:18:13.756755+00:00 | UNIUSDT | 4h
2025-12-30 19:18:13.759327+00:00 | AAVEUSDT | 5m
2025-12-30 19:18:13.759707+00:00 | AAVEUSDT | 15m
2025-12-30 19:18:13.759970+00:00 | AAVEUSDT | 30m
2025-12-30 19:18:13.760209+00:00 | AAVEUSDT | 1h
2025-12-30 19:18:13.760491+00:00 | AAVEUSDT | 4h
2025-12-30 19:18:13.763270+00:00 | ARBUSDT | 5m
2025-12-30 19:18:13.763720+00:00 | ARBUSDT | 15m
2025-12-30 19:18:13.763994+00:00 | ARBUSDT | 30m
2025-12-30 19:18:13.764249+00:00 | ARBUSDT | 1h
2025-12-30 19:18:13.764561+00:00 | ARBUSDT | 4h
2025-12-30 19:18:13.767176+00:00 | OPUSDT | 5m
2025-12-30 19:18:13.767527+00:00 | OPUSDT | 15m
2025-12-30 19:18:13.767774+00:00 | OPUSDT | 30m
2025-12-30 19:18:13.767991+00:00 | OPUSDT | 1h
2025-12-30 19:18:13.768411+00:00 | OPUSDT | 4h
2025-12-30 19:18:13.771436+00:00 | SUIUSDT | 5m
2025-12-30 19:18:13.771792+00:00 | SUIUSDT | 15m
2025-12-30 19:18:13.772048+00:00 | SUIUSDT | 30m
2025-12-30 19:18:13.772288+00:00 | SUIUSDT | 1h
2025-12-30 19:18:13.772581+00:00 | SUIUSDT | 4h
2025-12-30 19:18:13.775540+00:00 | APTUSDT | 5m
2025-12-30 19:18:13.775867+00:00 | APTUSDT | 15m
2025-12-30 19:18:13.776123+00:00 | APTUSDT | 30m
2025-12-30 19:18:13.776539+00:00 | APTUSDT | 1h
2025-12-30 19:18:13.776828+00:00 | APTUSDT | 4h
2025-12-30 19:18:13.782515+00:00 | ATOMUSDT | 5m
2025-12-30 19:18:13.782900+00:00 | ATOMUSDT | 15m
2025-12-30 19:18:13.783166+00:00 | ATOMUSDT | 30m
2025-12-30 19:18:13.784148+00:00 | ATOMUSDT | 1h
2025-12-30 19:18:13.784481+00:00 | ATOMUSDT | 4h
2025-12-30 19:18:13.794039+00:00 | NEARUSDT | 5m
2025-12-30 19:18:13.794552+00:00 | NEARUSDT | 15m
2025-12-30 19:18:13.794876+00:00 | NEARUSDT | 30m
2025-12-30 19:18:13.795153+00:00 | NEARUSDT | 1h
2025-12-30 19:18:13.795422+00:00 | NEARUSDT | 4h
2025-12-30 19:18:13.798006+00:00 | ALGOUSDT | 5m
2025-12-30 19:18:13.798477+00:00 | ALGOUSDT | 15m
2025-12-30 19:18:13.798937+00:00 | ALGOUSDT | 30m
2025-12-30 19:18:13.799262+00:00 | ALGOUSDT | 1h
2025-12-30 19:18:13.799564+00:00 | ALGOUSDT | 4h
